[12-Jun-2022 23:42:12 UTC] [ERROR] : WP_CACHE constant is not present in wp-config.php
[12-Jun-2022 23:42:13 UTC] [ERROR] : WP_CACHE constant is not present in wp-config.php
[12-Jun-2022 23:42:13 UTC] [ERROR] : WP_CACHE constant is not present in wp-config.php
[12-Jun-2022 23:42:14 UTC] PHP Warning:  Undefined property: stdClass::$plugin in C:\xampp8\htdocs\santiago\wp-includes\class-wp-list-util.php on line 167
[12-Jun-2022 23:42:14 UTC] PHP Warning:  Undefined property: stdClass::$plugin in C:\xampp8\htdocs\santiago\wp-includes\class-wp-list-util.php on line 167
[12-Jun-2022 23:42:14 UTC] [ERROR] : WP_CACHE constant is not present in wp-config.php
[12-Jun-2022 23:42:51 UTC] [ERROR] : WP_CACHE constant is not present in wp-config.php
[12-Jun-2022 23:42:52 UTC] [ERROR] : WP_CACHE constant is not present in wp-config.php
[12-Jun-2022 23:42:54 UTC] PHP Warning:  Undefined property: stdClass::$plugin in C:\xampp8\htdocs\santiago\wp-includes\class-wp-list-util.php on line 167
[12-Jun-2022 23:42:54 UTC] PHP Warning:  Undefined property: stdClass::$plugin in C:\xampp8\htdocs\santiago\wp-includes\class-wp-list-util.php on line 167
[12-Jun-2022 23:43:02 UTC] [ERROR] : WP_CACHE constant is not present in wp-config.php
[12-Jun-2022 23:43:03 UTC] [ERROR] : WP_CACHE constant is not present in wp-config.php
[12-Jun-2022 23:43:15 UTC] [ERROR] : WP_CACHE constant is not present in wp-config.php
[12-Jun-2022 23:43:16 UTC] [ERROR] : WP_CACHE constant is not present in wp-config.php
[12-Jun-2022 23:44:15 UTC] [ERROR] : WP_CACHE constant is not present in wp-config.php
[12-Jun-2022 23:44:16 UTC] [ERROR] : WP_CACHE constant is not present in wp-config.php
[12-Jun-2022 23:45:15 UTC] [ERROR] : WP_CACHE constant is not present in wp-config.php
[12-Jun-2022 23:45:16 UTC] [ERROR] : WP_CACHE constant is not present in wp-config.php
[12-Jun-2022 23:46:01 UTC] [ERROR] : WP_CACHE constant is not present in wp-config.php
[12-Jun-2022 23:46:02 UTC] [ERROR] : WP_CACHE constant is not present in wp-config.php
[12-Jun-2022 23:46:04 UTC] [ERROR] : WP_CACHE constant is not present in wp-config.php
[12-Jun-2022 23:46:05 UTC] [ERROR] : WP_CACHE constant is not present in wp-config.php
[12-Jun-2022 23:46:06 UTC] [ERROR] : WP_CACHE constant is not present in wp-config.php
[12-Jun-2022 23:46:06 UTC] [ERROR] : WP_CACHE constant is not present in wp-config.php
[12-Jun-2022 23:46:09 UTC] [ERROR] : WP_CACHE constant is not present in wp-config.php
[12-Jun-2022 23:46:10 UTC] [ERROR] : WP_CACHE constant is not present in wp-config.php
[12-Jun-2022 23:47:09 UTC] [ERROR] : WP_CACHE constant is not present in wp-config.php
[12-Jun-2022 23:47:10 UTC] [ERROR] : WP_CACHE constant is not present in wp-config.php
[12-Jun-2022 23:47:48 UTC] [ERROR] : WP_CACHE constant is not present in wp-config.php
[12-Jun-2022 23:47:49 UTC] [ERROR] : WP_CACHE constant is not present in wp-config.php
[12-Jun-2022 23:47:49 UTC] [ERROR] : WP_CACHE constant is not present in wp-config.php
[12-Jun-2022 23:47:50 UTC] [ERROR] : WP_CACHE constant is not present in wp-config.php
[12-Jun-2022 23:47:50 UTC] [ERROR] : WP_CACHE constant is not present in wp-config.php
[12-Jun-2022 23:47:52 UTC] PHP Warning:  Undefined property: stdClass::$plugin in C:\xampp8\htdocs\santiago\wp-includes\class-wp-list-util.php on line 167
[12-Jun-2022 23:47:52 UTC] PHP Warning:  Undefined property: stdClass::$plugin in C:\xampp8\htdocs\santiago\wp-includes\class-wp-list-util.php on line 167
[12-Jun-2022 23:47:52 UTC] [ERROR] : WP_CACHE constant is not present in wp-config.php
[12-Jun-2022 23:48:54 UTC] [ERROR] : WP_CACHE constant is not present in wp-config.php
[12-Jun-2022 23:48:55 UTC] [ERROR] : WP_CACHE constant is not present in wp-config.php
[12-Jun-2022 23:49:00 UTC] [ERROR] : WP_CACHE constant is not present in wp-config.php
[12-Jun-2022 23:49:01 UTC] [ERROR] : WP_CACHE constant is not present in wp-config.php
[12-Jun-2022 23:49:01 UTC] [ERROR] : WP_CACHE constant is not present in wp-config.php
[12-Jun-2022 23:49:03 UTC] [ERROR] : WP_CACHE constant is not present in wp-config.php
[12-Jun-2022 23:49:17 UTC] [ERROR] : WP_CACHE constant is not present in wp-config.php
[12-Jun-2022 23:49:18 UTC] [ERROR] : WP_CACHE constant is not present in wp-config.php
[12-Jun-2022 23:49:18 UTC] [ERROR] : WP_CACHE constant is not present in wp-config.php
[12-Jun-2022 23:49:18 UTC] [ERROR] : WP_CACHE constant is not present in wp-config.php
[12-Jun-2022 23:50:20 UTC] [ERROR] : WP_CACHE constant is not present in wp-config.php
[12-Jun-2022 23:50:21 UTC] [ERROR] : WP_CACHE constant is not present in wp-config.php
[12-Jun-2022 23:50:21 UTC] [ERROR] : WP_CACHE constant is not present in wp-config.php
[12-Jun-2022 23:50:22 UTC] [ERROR] : WP_CACHE constant is not present in wp-config.php
[12-Jun-2022 23:51:06 UTC] [ERROR] : WP_CACHE constant is not present in wp-config.php
[12-Jun-2022 23:51:07 UTC] [ERROR] : WP_CACHE constant is not present in wp-config.php
[12-Jun-2022 23:51:20 UTC] [ERROR] : WP_CACHE constant is not present in wp-config.php
[12-Jun-2022 23:51:21 UTC] [ERROR] : WP_CACHE constant is not present in wp-config.php
[12-Jun-2022 23:51:37 UTC] [ERROR] : WP_CACHE constant is not present in wp-config.php
[12-Jun-2022 23:51:38 UTC] [ERROR] : WP_CACHE constant is not present in wp-config.php
[12-Jun-2022 23:51:38 UTC] [ERROR] : WP_CACHE constant is not present in wp-config.php
[12-Jun-2022 23:52:20 UTC] [ERROR] : WP_CACHE constant is not present in wp-config.php
[12-Jun-2022 23:52:21 UTC] [ERROR] : WP_CACHE constant is not present in wp-config.php
[12-Jun-2022 23:53:20 UTC] [ERROR] : WP_CACHE constant is not present in wp-config.php
[12-Jun-2022 23:53:21 UTC] [ERROR] : WP_CACHE constant is not present in wp-config.php
[12-Jun-2022 23:54:20 UTC] [ERROR] : WP_CACHE constant is not present in wp-config.php
[12-Jun-2022 23:54:21 UTC] [ERROR] : WP_CACHE constant is not present in wp-config.php
[12-Jun-2022 23:55:20 UTC] [ERROR] : WP_CACHE constant is not present in wp-config.php
[12-Jun-2022 23:55:21 UTC] [ERROR] : WP_CACHE constant is not present in wp-config.php
[12-Jun-2022 23:56:20 UTC] [ERROR] : WP_CACHE constant is not present in wp-config.php
[12-Jun-2022 23:56:21 UTC] [ERROR] : WP_CACHE constant is not present in wp-config.php
[12-Jun-2022 23:57:20 UTC] [ERROR] : WP_CACHE constant is not present in wp-config.php
[12-Jun-2022 23:57:21 UTC] [ERROR] : WP_CACHE constant is not present in wp-config.php
[12-Jun-2022 23:58:20 UTC] [ERROR] : WP_CACHE constant is not present in wp-config.php
[12-Jun-2022 23:58:21 UTC] [ERROR] : WP_CACHE constant is not present in wp-config.php
[13-Jun-2022 00:00:20 UTC] [ERROR] : WP_CACHE constant is not present in wp-config.php
[13-Jun-2022 00:00:22 UTC] [ERROR] : WP_CACHE constant is not present in wp-config.php
[13-Jun-2022 00:02:20 UTC] [ERROR] : WP_CACHE constant is not present in wp-config.php
[13-Jun-2022 00:02:21 UTC] [ERROR] : WP_CACHE constant is not present in wp-config.php
[13-Jun-2022 00:04:20 UTC] [ERROR] : WP_CACHE constant is not present in wp-config.php
[13-Jun-2022 00:04:21 UTC] [ERROR] : WP_CACHE constant is not present in wp-config.php
[13-Jun-2022 00:06:21 UTC] [ERROR] : WP_CACHE constant is not present in wp-config.php
[13-Jun-2022 00:06:22 UTC] [ERROR] : WP_CACHE constant is not present in wp-config.php
[13-Jun-2022 00:10:15 UTC] [ERROR] : WP_CACHE constant is not present in wp-config.php
[13-Jun-2022 00:10:16 UTC] [ERROR] : WP_CACHE constant is not present in wp-config.php
[13-Jun-2022 00:10:23 UTC] [ERROR] : WP_CACHE constant is not present in wp-config.php
[13-Jun-2022 00:10:24 UTC] [ERROR] : WP_CACHE constant is not present in wp-config.php
[13-Jun-2022 00:10:24 UTC] [ERROR] : WP_CACHE constant is not present in wp-config.php
[13-Jun-2022 00:10:24 UTC] [ERROR] : WP_CACHE constant is not present in wp-config.php
[14-Jun-2022 00:19:48 UTC] [ERROR] : WP_CACHE constant is not present in wp-config.php
[14-Jun-2022 00:19:50 UTC] [ERROR] : WP_CACHE constant is not present in wp-config.php
[14-Jun-2022 00:19:50 UTC] [ERROR] : WP_CACHE constant is not present in wp-config.php
[14-Jun-2022 00:19:51 UTC] [ERROR] : WP_CACHE constant is not present in wp-config.php
[14-Jun-2022 00:20:02 UTC] [ERROR] : WP_CACHE constant is not present in wp-config.php
[14-Jun-2022 00:20:03 UTC] [ERROR] : WP_CACHE constant is not present in wp-config.php
[14-Jun-2022 00:20:04 UTC] [ERROR] : WP_CACHE constant is not present in wp-config.php
[14-Jun-2022 00:20:05 UTC] [ERROR] : WP_CACHE constant is not present in wp-config.php
[14-Jun-2022 00:20:06 UTC] [ERROR] : WP_CACHE constant is not present in wp-config.php
[14-Jun-2022 00:20:07 UTC] [ERROR] : WP_CACHE constant is not present in wp-config.php
[14-Jun-2022 00:20:07 UTC] [ERROR] : WP_CACHE constant is not present in wp-config.php
[14-Jun-2022 00:20:08 UTC] [ERROR] : WP_CACHE constant is not present in wp-config.php
[14-Jun-2022 00:20:10 UTC] PHP Deprecated:  A função _register_controls está <strong>obsoleta</strong> desde a versão 3.1.0! Em vez disso, use Elementor\Controls_Stack::register_controls(). in C:\xampp8\htdocs\santiago\wp-includes\functions.php on line 5379
[14-Jun-2022 00:20:13 UTC] [ERROR] : WP_CACHE constant is not present in wp-config.php
[14-Jun-2022 00:20:14 UTC] [ERROR] : WP_CACHE constant is not present in wp-config.php
[14-Jun-2022 00:20:15 UTC] [ERROR] : WP_CACHE constant is not present in wp-config.php
[14-Jun-2022 00:20:15 UTC] [ERROR] : WP_CACHE constant is not present in wp-config.php
[14-Jun-2022 00:20:16 UTC] PHP Warning:  unlink(C:\xampp8\htdocs\santiago/wp-content/uploads/wpo/images/wpo_logo_small.png.webp): No such file or directory in C:\xampp8\htdocs\santiago\wp-content\plugins\wp-optimize\vendor\rosell-dk\webp-convert\src\Convert\Converters\BaseTraits\DestinationPreparationTrait.php on line 73
[14-Jun-2022 00:20:16 UTC] PHP Warning:  unlink(C:\xampp8\htdocs\santiago/wp-content/uploads/wpo/images/wpo_logo_small.png.webp): No such file or directory in C:\xampp8\htdocs\santiago\wp-content\plugins\wp-optimize\vendor\rosell-dk\webp-convert\src\Convert\Converters\BaseTraits\DestinationPreparationTrait.php on line 94
[14-Jun-2022 00:20:16 UTC] [ERROR] : WP_CACHE constant is not present in wp-config.php
[14-Jun-2022 00:20:16 UTC] [ERROR] : WP_CACHE constant is not present in wp-config.php
[14-Jun-2022 00:20:16 UTC] [ERROR] : WP_CACHE constant is not present in wp-config.php
[14-Jun-2022 00:20:17 UTC] PHP Warning:  unlink(C:\xampp8\htdocs\santiago/wp-content/uploads/wpo/images/wpo_logo_small.png.webp): No such file or directory in C:\xampp8\htdocs\santiago\wp-content\plugins\wp-optimize\vendor\rosell-dk\webp-convert\src\Convert\Converters\BaseTraits\DestinationPreparationTrait.php on line 73
[14-Jun-2022 00:20:17 UTC] PHP Warning:  unlink(C:\xampp8\htdocs\santiago/wp-content/uploads/wpo/images/wpo_logo_small.png.webp): No such file or directory in C:\xampp8\htdocs\santiago\wp-content\plugins\wp-optimize\vendor\rosell-dk\webp-convert\src\Convert\Converters\BaseTraits\DestinationPreparationTrait.php on line 73
[14-Jun-2022 00:20:17 UTC] PHP Warning:  unlink(C:\xampp8\htdocs\santiago/wp-content/uploads/wpo/images/wpo_logo_small.png.webp): No such file or directory in C:\xampp8\htdocs\santiago\wp-content\plugins\wp-optimize\vendor\rosell-dk\webp-convert\src\Convert\Converters\BaseTraits\DestinationPreparationTrait.php on line 73
[14-Jun-2022 00:20:17 UTC] [ERROR] : WP_CACHE constant is not present in wp-config.php
[14-Jun-2022 00:20:17 UTC] [ERROR] : WP_CACHE constant is not present in wp-config.php
[14-Jun-2022 00:20:18 UTC] [ERROR] : WP_CACHE constant is not present in wp-config.php
[14-Jun-2022 00:20:18 UTC] [ERROR] : WP_CACHE constant is not present in wp-config.php
[14-Jun-2022 00:20:18 UTC] [ERROR] : WP_CACHE constant is not present in wp-config.php
[14-Jun-2022 00:20:18 UTC] [ERROR] : WP_CACHE constant is not present in wp-config.php
[14-Jun-2022 00:20:19 UTC] [ERROR] : WP_CACHE constant is not present in wp-config.php
[14-Jun-2022 00:20:19 UTC] [ERROR] : WP_CACHE constant is not present in wp-config.php
[14-Jun-2022 00:20:19 UTC] [ERROR] : WP_CACHE constant is not present in wp-config.php
[14-Jun-2022 00:20:20 UTC] [ERROR] : WP_CACHE constant is not present in wp-config.php
[14-Jun-2022 00:20:22 UTC] [ERROR] : WP_CACHE constant is not present in wp-config.php
[14-Jun-2022 00:20:27 UTC] [ERROR] : WP_CACHE constant is not present in wp-config.php
[14-Jun-2022 00:20:28 UTC] [ERROR] : WP_CACHE constant is not present in wp-config.php
[14-Jun-2022 00:20:28 UTC] [ERROR] : WP_CACHE constant is not present in wp-config.php
[14-Jun-2022 00:20:28 UTC] [ERROR] : WP_CACHE constant is not present in wp-config.php
[14-Jun-2022 00:20:32 UTC] [ERROR] : WP_CACHE constant is not present in wp-config.php
[14-Jun-2022 00:20:33 UTC] [ERROR] : WP_CACHE constant is not present in wp-config.php
[14-Jun-2022 00:20:33 UTC] [ERROR] : WP_CACHE constant is not present in wp-config.php
[14-Jun-2022 00:20:33 UTC] [ERROR] : WP_CACHE constant is not present in wp-config.php
[14-Jun-2022 00:20:40 UTC] [ERROR] : WP_CACHE constant is not present in wp-config.php
[14-Jun-2022 00:20:41 UTC] [ERROR] : WP_CACHE constant is not present in wp-config.php
[14-Jun-2022 00:20:41 UTC] [ERROR] : WP_CACHE constant is not present in wp-config.php
[14-Jun-2022 00:20:46 UTC] [ERROR] : WP_CACHE constant is not present in wp-config.php
[14-Jun-2022 00:20:46 UTC] [ERROR] : WP_CACHE constant is not present in wp-config.php
[14-Jun-2022 00:20:54 UTC] [ERROR] : WP_CACHE constant is not present in wp-config.php
[14-Jun-2022 00:20:55 UTC] [ERROR] : WP_CACHE constant is not present in wp-config.php
[14-Jun-2022 00:21:08 UTC] [ERROR] : WP_CACHE constant is not present in wp-config.php
[14-Jun-2022 00:21:09 UTC] [ERROR] : WP_CACHE constant is not present in wp-config.php
[14-Jun-2022 00:21:12 UTC] [ERROR] : WP_CACHE constant is not present in wp-config.php
[14-Jun-2022 00:21:13 UTC] [ERROR] : WP_CACHE constant is not present in wp-config.php
[14-Jun-2022 00:21:45 UTC] [ERROR] : WP_CACHE constant is not present in wp-config.php
[14-Jun-2022 00:21:46 UTC] [ERROR] : WP_CACHE constant is not present in wp-config.php
[14-Jun-2022 00:22:05 UTC] [ERROR] : WP_CACHE constant is not present in wp-config.php
[14-Jun-2022 00:22:06 UTC] [ERROR] : WP_CACHE constant is not present in wp-config.php
[14-Jun-2022 00:22:45 UTC] [ERROR] : WP_CACHE constant is not present in wp-config.php
[14-Jun-2022 00:22:46 UTC] [ERROR] : WP_CACHE constant is not present in wp-config.php
[14-Jun-2022 00:23:51 UTC] [ERROR] : WP_CACHE constant is not present in wp-config.php
[14-Jun-2022 00:23:52 UTC] [ERROR] : WP_CACHE constant is not present in wp-config.php
[14-Jun-2022 00:24:05 UTC] [ERROR] : WP_CACHE constant is not present in wp-config.php
[14-Jun-2022 00:24:06 UTC] [ERROR] : WP_CACHE constant is not present in wp-config.php
[14-Jun-2022 00:24:51 UTC] [ERROR] : WP_CACHE constant is not present in wp-config.php
[14-Jun-2022 00:24:52 UTC] [ERROR] : WP_CACHE constant is not present in wp-config.php
[14-Jun-2022 00:25:05 UTC] [ERROR] : WP_CACHE constant is not present in wp-config.php
[14-Jun-2022 00:25:06 UTC] [ERROR] : WP_CACHE constant is not present in wp-config.php
[14-Jun-2022 00:25:51 UTC] [ERROR] : WP_CACHE constant is not present in wp-config.php
[14-Jun-2022 00:25:52 UTC] [ERROR] : WP_CACHE constant is not present in wp-config.php
[14-Jun-2022 00:26:05 UTC] [ERROR] : WP_CACHE constant is not present in wp-config.php
[14-Jun-2022 00:26:06 UTC] [ERROR] : WP_CACHE constant is not present in wp-config.php
[14-Jun-2022 00:26:07 UTC] [ERROR] : WP_CACHE constant is not present in wp-config.php
[14-Jun-2022 00:26:08 UTC] [ERROR] : WP_CACHE constant is not present in wp-config.php
[14-Jun-2022 00:26:29 UTC] [ERROR] : WP_CACHE constant is not present in wp-config.php
[14-Jun-2022 00:26:29 UTC] [ERROR] : WP_CACHE constant is not present in wp-config.php
[14-Jun-2022 00:26:30 UTC] [ERROR] : WP_CACHE constant is not present in wp-config.php
[14-Jun-2022 00:26:30 UTC] [ERROR] : WP_CACHE constant is not present in wp-config.php
[14-Jun-2022 00:26:30 UTC] [ERROR] : WP_CACHE constant is not present in wp-config.php
[14-Jun-2022 00:26:30 UTC] [ERROR] : WP_CACHE constant is not present in wp-config.php
[14-Jun-2022 00:26:37 UTC] [ERROR] : WP_CACHE constant is not present in wp-config.php
[14-Jun-2022 00:26:38 UTC] [ERROR] : WP_CACHE constant is not present in wp-config.php
[14-Jun-2022 00:26:38 UTC] [ERROR] : WP_CACHE constant is not present in wp-config.php
[14-Jun-2022 00:26:38 UTC] [ERROR] : WP_CACHE constant is not present in wp-config.php
[14-Jun-2022 00:26:49 UTC] [ERROR] : WP_CACHE constant is not present in wp-config.php
[14-Jun-2022 00:26:50 UTC] [ERROR] : WP_CACHE constant is not present in wp-config.php
[14-Jun-2022 00:27:20 UTC] [ERROR] : WP_CACHE constant is not present in wp-config.php
[14-Jun-2022 00:27:21 UTC] [ERROR] : WP_CACHE constant is not present in wp-config.php
[14-Jun-2022 00:27:21 UTC] [ERROR] : WP_CACHE constant is not present in wp-config.php
[14-Jun-2022 00:27:40 UTC] [ERROR] : WP_CACHE constant is not present in wp-config.php
[14-Jun-2022 00:27:42 UTC] [ERROR] : WP_CACHE constant is not present in wp-config.php
[14-Jun-2022 00:28:40 UTC] [ERROR] : WP_CACHE constant is not present in wp-config.php
[14-Jun-2022 00:28:41 UTC] [ERROR] : WP_CACHE constant is not present in wp-config.php
[14-Jun-2022 00:28:42 UTC] [ERROR] : WP_CACHE constant is not present in wp-config.php
[14-Jun-2022 00:28:42 UTC] [ERROR] : WP_CACHE constant is not present in wp-config.php
[14-Jun-2022 00:28:42 UTC] [ERROR] : WP_CACHE constant is not present in wp-config.php
[14-Jun-2022 00:28:42 UTC] [ERROR] : WP_CACHE constant is not present in wp-config.php
[14-Jun-2022 00:29:04 UTC] [ERROR] : WP_CACHE constant is not present in wp-config.php
[14-Jun-2022 00:29:05 UTC] [ERROR] : WP_CACHE constant is not present in wp-config.php
[14-Jun-2022 00:29:06 UTC] [ERROR] : WP_CACHE constant is not present in wp-config.php
[14-Jun-2022 00:29:06 UTC] [ERROR] : WP_CACHE constant is not present in wp-config.php
[14-Jun-2022 00:29:16 UTC] [ERROR] : WP_CACHE constant is not present in wp-config.php
[14-Jun-2022 00:29:17 UTC] [ERROR] : WP_CACHE constant is not present in wp-config.php
[14-Jun-2022 00:31:59 UTC] [ERROR] : WP_CACHE constant is not present in wp-config.php
[14-Jun-2022 00:32:00 UTC] [ERROR] : WP_CACHE constant is not present in wp-config.php
[14-Jun-2022 00:32:01 UTC] [ERROR] : WP_CACHE constant is not present in wp-config.php
[14-Jun-2022 00:32:02 UTC] [ERROR] : WP_CACHE constant is not present in wp-config.php
[14-Jun-2022 00:32:02 UTC] [ERROR] : WP_CACHE constant is not present in wp-config.php
[14-Jun-2022 00:32:02 UTC] [ERROR] : WP_CACHE constant is not present in wp-config.php
[14-Jun-2022 00:32:03 UTC] [ERROR] : WP_CACHE constant is not present in wp-config.php
[14-Jun-2022 00:32:03 UTC] [ERROR] : WP_CACHE constant is not present in wp-config.php
[14-Jun-2022 00:32:03 UTC] PHP Warning:  unlink(C:\xampp8\htdocs\santiago/wp-content/uploads/wpo/images/wpo_logo_small.png.webp): No such file or directory in C:\xampp8\htdocs\santiago\wp-content\plugins\wp-optimize\vendor\rosell-dk\webp-convert\src\Convert\Converters\BaseTraits\DestinationPreparationTrait.php on line 73
[14-Jun-2022 00:32:03 UTC] PHP Warning:  unlink(C:\xampp8\htdocs\santiago/wp-content/uploads/wpo/images/wpo_logo_small.png.webp): No such file or directory in C:\xampp8\htdocs\santiago\wp-content\plugins\wp-optimize\vendor\rosell-dk\webp-convert\src\Convert\Converters\BaseTraits\DestinationPreparationTrait.php on line 73
[14-Jun-2022 00:32:04 UTC] [ERROR] : WP_CACHE constant is not present in wp-config.php
[14-Jun-2022 00:32:04 UTC] [ERROR] : WP_CACHE constant is not present in wp-config.php
[14-Jun-2022 00:32:06 UTC] [ERROR] : WP_CACHE constant is not present in wp-config.php
[14-Jun-2022 00:32:07 UTC] [ERROR] : WP_CACHE constant is not present in wp-config.php
[14-Jun-2022 00:32:07 UTC] [ERROR] : WP_CACHE constant is not present in wp-config.php
[14-Jun-2022 00:32:07 UTC] [ERROR] : WP_CACHE constant is not present in wp-config.php
[22-Jun-2022 03:43:30 UTC] [ERROR] : WP_CACHE constant is not present in wp-config.php
[22-Jun-2022 03:43:31 UTC] [ERROR] : WP_CACHE constant is not present in wp-config.php
[22-Jun-2022 03:43:32 UTC] [ERROR] : WP_CACHE constant is not present in wp-config.php
[22-Jun-2022 03:43:33 UTC] [ERROR] : WP_CACHE constant is not present in wp-config.php
[22-Jun-2022 03:43:34 UTC] [ERROR] : WP_CACHE constant is not present in wp-config.php
[22-Jun-2022 03:43:35 UTC] [ERROR] : WP_CACHE constant is not present in wp-config.php
[22-Jun-2022 03:43:47 UTC] [ERROR] : WP_CACHE constant is not present in wp-config.php
[22-Jun-2022 03:43:48 UTC] [ERROR] : WP_CACHE constant is not present in wp-config.php
[22-Jun-2022 03:43:50 UTC] [ERROR] : WP_CACHE constant is not present in wp-config.php
[22-Jun-2022 03:43:51 UTC] [ERROR] : WP_CACHE constant is not present in wp-config.php
[22-Jun-2022 03:44:00 UTC] [ERROR] : WP_CACHE constant is not present in wp-config.php
[22-Jun-2022 03:44:01 UTC] [ERROR] : WP_CACHE constant is not present in wp-config.php
[22-Jun-2022 03:44:04 UTC] [ERROR] : WP_CACHE constant is not present in wp-config.php
[22-Jun-2022 03:44:06 UTC] [ERROR] : WP_CACHE constant is not present in wp-config.php
[22-Jun-2022 03:44:06 UTC] [ERROR] : WP_CACHE constant is not present in wp-config.php
[22-Jun-2022 03:44:07 UTC] [ERROR] : WP_CACHE constant is not present in wp-config.php
[22-Jun-2022 03:44:10 UTC] [ERROR] : WP_CACHE constant is not present in wp-config.php
[22-Jun-2022 03:44:10 UTC] [ERROR] : WP_CACHE constant is not present in wp-config.php
[22-Jun-2022 03:44:10 UTC] PHP Warning:  unlink(C:\xampp8\htdocs\santiago/wp-content/uploads/wpo/images/wpo_logo_small.png.webp): No such file or directory in C:\xampp8\htdocs\santiago\wp-content\plugins\wp-optimize\vendor\rosell-dk\webp-convert\src\Convert\Converters\BaseTraits\DestinationPreparationTrait.php on line 73
[22-Jun-2022 03:44:10 UTC] PHP Warning:  unlink(C:\xampp8\htdocs\santiago/wp-content/uploads/wpo/images/wpo_logo_small.png.webp): No such file or directory in C:\xampp8\htdocs\santiago\wp-content\plugins\wp-optimize\vendor\rosell-dk\webp-convert\src\Convert\Converters\BaseTraits\DestinationPreparationTrait.php on line 94
[22-Jun-2022 03:44:11 UTC] [ERROR] : WP_CACHE constant is not present in wp-config.php
[22-Jun-2022 03:44:11 UTC] [ERROR] : WP_CACHE constant is not present in wp-config.php
[22-Jun-2022 03:44:13 UTC] [ERROR] : WP_CACHE constant is not present in wp-config.php
[22-Jun-2022 03:44:13 UTC] [ERROR] : WP_CACHE constant is not present in wp-config.php
[22-Jun-2022 03:44:13 UTC] [ERROR] : WP_CACHE constant is not present in wp-config.php
[22-Jun-2022 03:44:13 UTC] PHP Warning:  unlink(C:\xampp8\htdocs\santiago/wp-content/uploads/wpo/images/wpo_logo_small.png.webp): No such file or directory in C:\xampp8\htdocs\santiago\wp-content\plugins\wp-optimize\vendor\rosell-dk\webp-convert\src\Convert\Converters\BaseTraits\DestinationPreparationTrait.php on line 73
[22-Jun-2022 03:44:13 UTC] PHP Warning:  unlink(C:\xampp8\htdocs\santiago/wp-content/uploads/wpo/images/wpo_logo_small.png.webp): No such file or directory in C:\xampp8\htdocs\santiago\wp-content\plugins\wp-optimize\vendor\rosell-dk\webp-convert\src\Convert\Converters\BaseTraits\DestinationPreparationTrait.php on line 73
[22-Jun-2022 03:44:14 UTC] PHP Warning:  unlink(C:\xampp8\htdocs\santiago/wp-content/uploads/wpo/images/wpo_logo_small.png.webp): No such file or directory in C:\xampp8\htdocs\santiago\wp-content\plugins\wp-optimize\vendor\rosell-dk\webp-convert\src\Convert\Converters\BaseTraits\DestinationPreparationTrait.php on line 73
[22-Jun-2022 03:44:14 UTC] PHP Warning:  unlink(C:\xampp8\htdocs\santiago/wp-content/uploads/wpo/images/wpo_logo_small.png.webp): No such file or directory in C:\xampp8\htdocs\santiago\wp-content\plugins\wp-optimize\vendor\rosell-dk\webp-convert\src\Convert\Converters\BaseTraits\DestinationPreparationTrait.php on line 73
[22-Jun-2022 03:44:14 UTC] PHP Warning:  unlink(C:\xampp8\htdocs\santiago/wp-content/uploads/wpo/images/wpo_logo_small.png.webp): No such file or directory in C:\xampp8\htdocs\santiago\wp-content\plugins\wp-optimize\vendor\rosell-dk\webp-convert\src\Convert\Converters\BaseTraits\DestinationPreparationTrait.php on line 73
[22-Jun-2022 03:44:14 UTC] PHP Warning:  unlink(C:\xampp8\htdocs\santiago/wp-content/uploads/wpo/images/wpo_logo_small.png.webp): No such file or directory in C:\xampp8\htdocs\santiago\wp-content\plugins\wp-optimize\vendor\rosell-dk\webp-convert\src\Convert\Converters\BaseTraits\DestinationPreparationTrait.php on line 94
[22-Jun-2022 03:44:15 UTC] [ERROR] : WP_CACHE constant is not present in wp-config.php
[22-Jun-2022 03:44:15 UTC] [ERROR] : WP_CACHE constant is not present in wp-config.php
[22-Jun-2022 03:44:15 UTC] [ERROR] : WP_CACHE constant is not present in wp-config.php
[22-Jun-2022 03:44:16 UTC] [ERROR] : WP_CACHE constant is not present in wp-config.php
[22-Jun-2022 03:44:17 UTC] [ERROR] : WP_CACHE constant is not present in wp-config.php
[22-Jun-2022 03:44:17 UTC] [ERROR] : WP_CACHE constant is not present in wp-config.php
[22-Jun-2022 03:44:17 UTC] [ERROR] : WP_CACHE constant is not present in wp-config.php
[22-Jun-2022 03:44:21 UTC] [ERROR] : WP_CACHE constant is not present in wp-config.php
[22-Jun-2022 03:44:22 UTC] [ERROR] : WP_CACHE constant is not present in wp-config.php
[22-Jun-2022 03:44:22 UTC] [ERROR] : WP_CACHE constant is not present in wp-config.php
[22-Jun-2022 03:44:22 UTC] [ERROR] : WP_CACHE constant is not present in wp-config.php
[22-Jun-2022 03:44:37 UTC] [ERROR] : WP_CACHE constant is not present in wp-config.php
[22-Jun-2022 03:44:38 UTC] [ERROR] : WP_CACHE constant is not present in wp-config.php
[22-Jun-2022 03:44:38 UTC] [ERROR] : WP_CACHE constant is not present in wp-config.php
[22-Jun-2022 03:44:38 UTC] [ERROR] : WP_CACHE constant is not present in wp-config.php
[22-Jun-2022 03:44:40 UTC] [ERROR] : WP_CACHE constant is not present in wp-config.php
[22-Jun-2022 03:44:40 UTC] [ERROR] : WP_CACHE constant is not present in wp-config.php
[22-Jun-2022 03:44:43 UTC] [ERROR] : WP_CACHE constant is not present in wp-config.php
[22-Jun-2022 03:44:44 UTC] [ERROR] : WP_CACHE constant is not present in wp-config.php
[22-Jun-2022 03:44:44 UTC] [ERROR] : WP_CACHE constant is not present in wp-config.php
[22-Jun-2022 03:44:44 UTC] [ERROR] : WP_CACHE constant is not present in wp-config.php
[22-Jun-2022 03:44:48 UTC] [ERROR] : WP_CACHE constant is not present in wp-config.php
[22-Jun-2022 03:44:49 UTC] [ERROR] : WP_CACHE constant is not present in wp-config.php
[22-Jun-2022 03:44:49 UTC] [ERROR] : WP_CACHE constant is not present in wp-config.php
[22-Jun-2022 03:44:49 UTC] [ERROR] : WP_CACHE constant is not present in wp-config.php
[22-Jun-2022 03:45:17 UTC] [ERROR] : WP_CACHE constant is not present in wp-config.php
[22-Jun-2022 03:45:18 UTC] [ERROR] : WP_CACHE constant is not present in wp-config.php
[22-Jun-2022 03:45:18 UTC] [ERROR] : WP_CACHE constant is not present in wp-config.php
[22-Jun-2022 03:45:18 UTC] [ERROR] : WP_CACHE constant is not present in wp-config.php
[22-Jun-2022 03:45:28 UTC] [ERROR] : WP_CACHE constant is not present in wp-config.php
[22-Jun-2022 03:45:29 UTC] [ERROR] : WP_CACHE constant is not present in wp-config.php
[22-Jun-2022 03:45:30 UTC] [ERROR] : WP_CACHE constant is not present in wp-config.php
[22-Jun-2022 03:45:30 UTC] [ERROR] : WP_CACHE constant is not present in wp-config.php
[22-Jun-2022 03:45:32 UTC] [ERROR] : WP_CACHE constant is not present in wp-config.php
[22-Jun-2022 03:45:32 UTC] [ERROR] : WP_CACHE constant is not present in wp-config.php
[22-Jun-2022 03:45:32 UTC] [ERROR] : WP_CACHE constant is not present in wp-config.php
[22-Jun-2022 03:45:44 UTC] [ERROR] : WP_CACHE constant is not present in wp-config.php
[22-Jun-2022 03:45:45 UTC] [ERROR] : WP_CACHE constant is not present in wp-config.php
[22-Jun-2022 03:45:45 UTC] [ERROR] : WP_CACHE constant is not present in wp-config.php
[22-Jun-2022 03:45:46 UTC] [ERROR] : WP_CACHE constant is not present in wp-config.php
[22-Jun-2022 03:45:47 UTC] [ERROR] : WP_CACHE constant is not present in wp-config.php
[22-Jun-2022 03:45:47 UTC] [ERROR] : WP_CACHE constant is not present in wp-config.php
[22-Jun-2022 03:45:47 UTC] [ERROR] : WP_CACHE constant is not present in wp-config.php
[22-Jun-2022 03:46:33 UTC] [ERROR] : WP_CACHE constant is not present in wp-config.php
[22-Jun-2022 03:46:34 UTC] [ERROR] : WP_CACHE constant is not present in wp-config.php
[22-Jun-2022 03:46:34 UTC] [ERROR] : WP_CACHE constant is not present in wp-config.php
[22-Jun-2022 03:46:35 UTC] [ERROR] : WP_CACHE constant is not present in wp-config.php
[22-Jun-2022 03:46:36 UTC] [ERROR] : WP_CACHE constant is not present in wp-config.php
[22-Jun-2022 03:46:36 UTC] [ERROR] : WP_CACHE constant is not present in wp-config.php
[22-Jun-2022 03:46:36 UTC] [ERROR] : WP_CACHE constant is not present in wp-config.php
[22-Jun-2022 03:46:41 UTC] [ERROR] : WP_CACHE constant is not present in wp-config.php
[22-Jun-2022 03:46:42 UTC] [ERROR] : WP_CACHE constant is not present in wp-config.php
[22-Jun-2022 03:46:42 UTC] [ERROR] : WP_CACHE constant is not present in wp-config.php
[22-Jun-2022 03:46:42 UTC] [ERROR] : WP_CACHE constant is not present in wp-config.php
[22-Jun-2022 03:46:51 UTC] [ERROR] : WP_CACHE constant is not present in wp-config.php
[22-Jun-2022 03:46:52 UTC] [ERROR] : WP_CACHE constant is not present in wp-config.php
[22-Jun-2022 03:47:00 UTC] [ERROR] : WP_CACHE constant is not present in wp-config.php
[22-Jun-2022 03:47:01 UTC] [ERROR] : WP_CACHE constant is not present in wp-config.php
[22-Jun-2022 03:47:21 UTC] [ERROR] : WP_CACHE constant is not present in wp-config.php
[22-Jun-2022 03:47:22 UTC] [ERROR] : WP_CACHE constant is not present in wp-config.php
[22-Jun-2022 03:47:43 UTC] [ERROR] : WP_CACHE constant is not present in wp-config.php
[22-Jun-2022 03:47:44 UTC] [ERROR] : WP_CACHE constant is not present in wp-config.php
[22-Jun-2022 03:47:48 UTC] [ERROR] : WP_CACHE constant is not present in wp-config.php
[22-Jun-2022 03:47:49 UTC] [ERROR] : WP_CACHE constant is not present in wp-config.php
[22-Jun-2022 03:48:11 UTC] [ERROR] : WP_CACHE constant is not present in wp-config.php
[22-Jun-2022 03:48:12 UTC] [ERROR] : WP_CACHE constant is not present in wp-config.php
[22-Jun-2022 03:56:15 UTC] PHP Warning:  file_get_contents(C:\xampp8\htdocs\santiago\wp-content\plugins\revslider/release_log.html): Failed to open stream: No such file or directory in C:\xampp8\htdocs\santiago\wp-content\plugins\revslider\admin\views\overview.php on line 127
[22-Jun-2022 03:57:26 UTC] PHP Deprecated:  A função _register_controls está <strong>obsoleta</strong> desde a versão 3.1.0! Em vez disso, use Elementor\Controls_Stack::register_controls(). in C:\xampp8\htdocs\santiago\wp-includes\functions.php on line 5379
[22-Jun-2022 03:57:49 UTC] PHP Deprecated:  A função _register_controls está <strong>obsoleta</strong> desde a versão 3.1.0! Em vez disso, use Elementor\Controls_Stack::register_controls(). in C:\xampp8\htdocs\santiago\wp-includes\functions.php on line 5379
[22-Jun-2022 03:57:55 UTC] PHP Deprecated:  A função _register_controls está <strong>obsoleta</strong> desde a versão 3.1.0! Em vez disso, use Elementor\Controls_Stack::register_controls(). in C:\xampp8\htdocs\santiago\wp-includes\functions.php on line 5379
[22-Jun-2022 03:58:00 UTC] PHP Deprecated:  A função _register_controls está <strong>obsoleta</strong> desde a versão 3.1.0! Em vez disso, use Elementor\Controls_Stack::register_controls(). in C:\xampp8\htdocs\santiago\wp-includes\functions.php on line 5379
[22-Jun-2022 03:58:02 UTC] PHP Warning:  Attempt to read property "post_type" on null in C:\xampp8\htdocs\santiago\wp-content\plugins\wordpress-seo\src\integrations\third-party\elementor.php on line 154
[22-Jun-2022 03:58:02 UTC] PHP Deprecated:  A função _register_controls está <strong>obsoleta</strong> desde a versão 3.1.0! Em vez disso, use Elementor\Controls_Stack::register_controls(). in C:\xampp8\htdocs\santiago\wp-includes\functions.php on line 5379
[22-Jun-2022 04:02:33 UTC] PHP Deprecated:  A função _register_controls está <strong>obsoleta</strong> desde a versão 3.1.0! Em vez disso, use Elementor\Controls_Stack::register_controls(). in C:\xampp8\htdocs\santiago\wp-includes\functions.php on line 5379
[22-Jun-2022 04:02:36 UTC] PHP Warning:  Attempt to read property "post_type" on null in C:\xampp8\htdocs\santiago\wp-content\plugins\wordpress-seo\src\integrations\third-party\elementor.php on line 154
[22-Jun-2022 04:04:47 UTC] PHP Deprecated:  A função _register_controls está <strong>obsoleta</strong> desde a versão 3.1.0! Em vez disso, use Elementor\Controls_Stack::register_controls(). in C:\xampp8\htdocs\santiago\wp-includes\functions.php on line 5379
[22-Jun-2022 04:09:04 UTC] PHP Deprecated:  A função _register_controls está <strong>obsoleta</strong> desde a versão 3.1.0! Em vez disso, use Elementor\Controls_Stack::register_controls(). in C:\xampp8\htdocs\santiago\wp-includes\functions.php on line 5379
[22-Jun-2022 04:11:38 UTC] PHP Deprecated:  A função _register_controls está <strong>obsoleta</strong> desde a versão 3.1.0! Em vez disso, use Elementor\Controls_Stack::register_controls(). in C:\xampp8\htdocs\santiago\wp-includes\functions.php on line 5379
[22-Jun-2022 04:12:01 UTC] PHP Deprecated:  A função _register_controls está <strong>obsoleta</strong> desde a versão 3.1.0! Em vez disso, use Elementor\Controls_Stack::register_controls(). in C:\xampp8\htdocs\santiago\wp-includes\functions.php on line 5379
[22-Jun-2022 04:12:03 UTC] PHP Warning:  Attempt to read property "post_type" on null in C:\xampp8\htdocs\santiago\wp-content\plugins\wordpress-seo\src\integrations\third-party\elementor.php on line 154
[22-Jun-2022 04:18:13 UTC] PHP Deprecated:  A função _register_controls está <strong>obsoleta</strong> desde a versão 3.1.0! Em vez disso, use Elementor\Controls_Stack::register_controls(). in C:\xampp8\htdocs\santiago\wp-includes\functions.php on line 5379
[22-Jun-2022 04:18:15 UTC] PHP Warning:  Attempt to read property "post_type" on null in C:\xampp8\htdocs\santiago\wp-content\plugins\wordpress-seo\src\integrations\third-party\elementor.php on line 154
[22-Jun-2022 04:18:18 UTC] PHP Deprecated:  A função _register_controls está <strong>obsoleta</strong> desde a versão 3.1.0! Em vez disso, use Elementor\Controls_Stack::register_controls(). in C:\xampp8\htdocs\santiago\wp-includes\functions.php on line 5379
[22-Jun-2022 04:20:01 UTC] PHP Deprecated:  A função _register_controls está <strong>obsoleta</strong> desde a versão 3.1.0! Em vez disso, use Elementor\Controls_Stack::register_controls(). in C:\xampp8\htdocs\santiago\wp-includes\functions.php on line 5379
[22-Jun-2022 04:20:04 UTC] PHP Warning:  Attempt to read property "post_type" on null in C:\xampp8\htdocs\santiago\wp-content\plugins\wordpress-seo\src\integrations\third-party\elementor.php on line 154
[22-Jun-2022 04:20:04 UTC] PHP Deprecated:  A função _register_controls está <strong>obsoleta</strong> desde a versão 3.1.0! Em vez disso, use Elementor\Controls_Stack::register_controls(). in C:\xampp8\htdocs\santiago\wp-includes\functions.php on line 5379
[22-Jun-2022 04:20:26 UTC] PHP Deprecated:  A função _register_controls está <strong>obsoleta</strong> desde a versão 3.1.0! Em vez disso, use Elementor\Controls_Stack::register_controls(). in C:\xampp8\htdocs\santiago\wp-includes\functions.php on line 5379
[22-Jun-2022 04:20:28 UTC] PHP Warning:  unlink(C:\xampp8\htdocs\santiago/wp-content/uploads/wpo/images/wpo_logo_small.png.webp): No such file or directory in C:\xampp8\htdocs\santiago\wp-content\plugins\wp-optimize\vendor\rosell-dk\webp-convert\src\Convert\Converters\BaseTraits\DestinationPreparationTrait.php on line 73
[22-Jun-2022 04:20:29 UTC] PHP Warning:  Attempt to read property "post_type" on null in C:\xampp8\htdocs\santiago\wp-content\plugins\wordpress-seo\src\integrations\third-party\elementor.php on line 154
[22-Jun-2022 04:20:29 UTC] PHP Deprecated:  A função _register_controls está <strong>obsoleta</strong> desde a versão 3.1.0! Em vez disso, use Elementor\Controls_Stack::register_controls(). in C:\xampp8\htdocs\santiago\wp-includes\functions.php on line 5379
[22-Jun-2022 04:20:56 UTC] PHP Deprecated:  A função _register_controls está <strong>obsoleta</strong> desde a versão 3.1.0! Em vez disso, use Elementor\Controls_Stack::register_controls(). in C:\xampp8\htdocs\santiago\wp-includes\functions.php on line 5379
[22-Jun-2022 04:20:57 UTC] PHP Warning:  unlink(C:\xampp8\htdocs\santiago/wp-content/uploads/wpo/images/wpo_logo_small.png.webp): No such file or directory in C:\xampp8\htdocs\santiago\wp-content\plugins\wp-optimize\vendor\rosell-dk\webp-convert\src\Convert\Converters\BaseTraits\DestinationPreparationTrait.php on line 73
[22-Jun-2022 04:20:58 UTC] PHP Warning:  Attempt to read property "post_type" on null in C:\xampp8\htdocs\santiago\wp-content\plugins\wordpress-seo\src\integrations\third-party\elementor.php on line 154
[22-Jun-2022 04:20:58 UTC] PHP Deprecated:  A função _register_controls está <strong>obsoleta</strong> desde a versão 3.1.0! Em vez disso, use Elementor\Controls_Stack::register_controls(). in C:\xampp8\htdocs\santiago\wp-includes\functions.php on line 5379
[22-Jun-2022 04:20:59 UTC] PHP Deprecated:  A função _register_controls está <strong>obsoleta</strong> desde a versão 3.1.0! Em vez disso, use Elementor\Controls_Stack::register_controls(). in C:\xampp8\htdocs\santiago\wp-includes\functions.php on line 5379
[22-Jun-2022 04:22:35 UTC] PHP Deprecated:  A função _register_controls está <strong>obsoleta</strong> desde a versão 3.1.0! Em vez disso, use Elementor\Controls_Stack::register_controls(). in C:\xampp8\htdocs\santiago\wp-includes\functions.php on line 5379
[22-Jun-2022 04:22:47 UTC] PHP Deprecated:  A função _register_controls está <strong>obsoleta</strong> desde a versão 3.1.0! Em vez disso, use Elementor\Controls_Stack::register_controls(). in C:\xampp8\htdocs\santiago\wp-includes\functions.php on line 5379
[22-Jun-2022 04:22:51 UTC] PHP Deprecated:  A função _register_controls está <strong>obsoleta</strong> desde a versão 3.1.0! Em vez disso, use Elementor\Controls_Stack::register_controls(). in C:\xampp8\htdocs\santiago\wp-includes\functions.php on line 5379
[22-Jun-2022 04:23:22 UTC] PHP Deprecated:  A função _register_controls está <strong>obsoleta</strong> desde a versão 3.1.0! Em vez disso, use Elementor\Controls_Stack::register_controls(). in C:\xampp8\htdocs\santiago\wp-includes\functions.php on line 5379
[22-Jun-2022 04:23:25 UTC] PHP Warning:  Attempt to read property "post_type" on null in C:\xampp8\htdocs\santiago\wp-content\plugins\wordpress-seo\src\integrations\third-party\elementor.php on line 154
[22-Jun-2022 04:23:32 UTC] PHP Deprecated:  A função _register_controls está <strong>obsoleta</strong> desde a versão 3.1.0! Em vez disso, use Elementor\Controls_Stack::register_controls(). in C:\xampp8\htdocs\santiago\wp-includes\functions.php on line 5379
[22-Jun-2022 04:23:40 UTC] PHP Deprecated:  A função _register_controls está <strong>obsoleta</strong> desde a versão 3.1.0! Em vez disso, use Elementor\Controls_Stack::register_controls(). in C:\xampp8\htdocs\santiago\wp-includes\functions.php on line 5379
[22-Jun-2022 04:24:02 UTC] PHP Deprecated:  A função _register_controls está <strong>obsoleta</strong> desde a versão 3.1.0! Em vez disso, use Elementor\Controls_Stack::register_controls(). in C:\xampp8\htdocs\santiago\wp-includes\functions.php on line 5379
[22-Jun-2022 04:24:07 UTC] PHP Deprecated:  A função _register_controls está <strong>obsoleta</strong> desde a versão 3.1.0! Em vez disso, use Elementor\Controls_Stack::register_controls(). in C:\xampp8\htdocs\santiago\wp-includes\functions.php on line 5379
[22-Jun-2022 04:25:14 UTC] PHP Deprecated:  A função _register_controls está <strong>obsoleta</strong> desde a versão 3.1.0! Em vez disso, use Elementor\Controls_Stack::register_controls(). in C:\xampp8\htdocs\santiago\wp-includes\functions.php on line 5379
[22-Jun-2022 04:25:22 UTC] PHP Deprecated:  A função _register_controls está <strong>obsoleta</strong> desde a versão 3.1.0! Em vez disso, use Elementor\Controls_Stack::register_controls(). in C:\xampp8\htdocs\santiago\wp-includes\functions.php on line 5379
[22-Jun-2022 04:25:36 UTC] PHP Deprecated:  A função _register_controls está <strong>obsoleta</strong> desde a versão 3.1.0! Em vez disso, use Elementor\Controls_Stack::register_controls(). in C:\xampp8\htdocs\santiago\wp-includes\functions.php on line 5379
[22-Jun-2022 04:25:39 UTC] PHP Warning:  Attempt to read property "post_type" on null in C:\xampp8\htdocs\santiago\wp-content\plugins\wordpress-seo\src\integrations\third-party\elementor.php on line 154
[22-Jun-2022 04:25:44 UTC] PHP Deprecated:  A função _register_controls está <strong>obsoleta</strong> desde a versão 3.1.0! Em vez disso, use Elementor\Controls_Stack::register_controls(). in C:\xampp8\htdocs\santiago\wp-includes\functions.php on line 5379
[22-Jun-2022 04:26:06 UTC] PHP Deprecated:  A função _register_controls está <strong>obsoleta</strong> desde a versão 3.1.0! Em vez disso, use Elementor\Controls_Stack::register_controls(). in C:\xampp8\htdocs\santiago\wp-includes\functions.php on line 5379
[22-Jun-2022 04:26:08 UTC] PHP Warning:  Attempt to read property "post_type" on null in C:\xampp8\htdocs\santiago\wp-content\plugins\wordpress-seo\src\integrations\third-party\elementor.php on line 154
[22-Jun-2022 04:26:13 UTC] PHP Deprecated:  A função _register_controls está <strong>obsoleta</strong> desde a versão 3.1.0! Em vez disso, use Elementor\Controls_Stack::register_controls(). in C:\xampp8\htdocs\santiago\wp-includes\functions.php on line 5379
[22-Jun-2022 04:30:53 UTC] PHP Deprecated:  A função _register_controls está <strong>obsoleta</strong> desde a versão 3.1.0! Em vez disso, use Elementor\Controls_Stack::register_controls(). in C:\xampp8\htdocs\santiago\wp-includes\functions.php on line 5379
[22-Jun-2022 04:33:45 UTC] PHP Deprecated:  A função _register_controls está <strong>obsoleta</strong> desde a versão 3.1.0! Em vez disso, use Elementor\Controls_Stack::register_controls(). in C:\xampp8\htdocs\santiago\wp-includes\functions.php on line 5379
[22-Jun-2022 04:33:48 UTC] PHP Warning:  Attempt to read property "post_type" on null in C:\xampp8\htdocs\santiago\wp-content\plugins\wordpress-seo\src\integrations\third-party\elementor.php on line 154
[22-Jun-2022 04:33:52 UTC] PHP Deprecated:  A função _register_controls está <strong>obsoleta</strong> desde a versão 3.1.0! Em vez disso, use Elementor\Controls_Stack::register_controls(). in C:\xampp8\htdocs\santiago\wp-includes\functions.php on line 5379
[22-Jun-2022 04:33:58 UTC] PHP Deprecated:  A função _register_controls está <strong>obsoleta</strong> desde a versão 3.1.0! Em vez disso, use Elementor\Controls_Stack::register_controls(). in C:\xampp8\htdocs\santiago\wp-includes\functions.php on line 5379
[22-Jun-2022 04:34:40 UTC] PHP Deprecated:  A função _register_controls está <strong>obsoleta</strong> desde a versão 3.1.0! Em vez disso, use Elementor\Controls_Stack::register_controls(). in C:\xampp8\htdocs\santiago\wp-includes\functions.php on line 5379
[22-Jun-2022 04:34:41 UTC] PHP Deprecated:  A função _register_controls está <strong>obsoleta</strong> desde a versão 3.1.0! Em vez disso, use Elementor\Controls_Stack::register_controls(). in C:\xampp8\htdocs\santiago\wp-includes\functions.php on line 5379
[22-Jun-2022 04:34:43 UTC] PHP Warning:  Attempt to read property "post_type" on null in C:\xampp8\htdocs\santiago\wp-content\plugins\wordpress-seo\src\integrations\third-party\elementor.php on line 154
[22-Jun-2022 04:34:47 UTC] PHP Deprecated:  A função _register_controls está <strong>obsoleta</strong> desde a versão 3.1.0! Em vez disso, use Elementor\Controls_Stack::register_controls(). in C:\xampp8\htdocs\santiago\wp-includes\functions.php on line 5379
[22-Jun-2022 04:34:53 UTC] PHP Deprecated:  A função _register_controls está <strong>obsoleta</strong> desde a versão 3.1.0! Em vez disso, use Elementor\Controls_Stack::register_controls(). in C:\xampp8\htdocs\santiago\wp-includes\functions.php on line 5379
[22-Jun-2022 04:34:59 UTC] PHP Deprecated:  A função _register_controls está <strong>obsoleta</strong> desde a versão 3.1.0! Em vez disso, use Elementor\Controls_Stack::register_controls(). in C:\xampp8\htdocs\santiago\wp-includes\functions.php on line 5379
[22-Jun-2022 04:36:21 UTC] PHP Deprecated:  A função _register_controls está <strong>obsoleta</strong> desde a versão 3.1.0! Em vez disso, use Elementor\Controls_Stack::register_controls(). in C:\xampp8\htdocs\santiago\wp-includes\functions.php on line 5379
[22-Jun-2022 04:40:26 UTC] PHP Deprecated:  A função _register_controls está <strong>obsoleta</strong> desde a versão 3.1.0! Em vez disso, use Elementor\Controls_Stack::register_controls(). in C:\xampp8\htdocs\santiago\wp-includes\functions.php on line 5379
[22-Jun-2022 04:40:28 UTC] PHP Deprecated:  A função _register_controls está <strong>obsoleta</strong> desde a versão 3.1.0! Em vez disso, use Elementor\Controls_Stack::register_controls(). in C:\xampp8\htdocs\santiago\wp-includes\functions.php on line 5379
[22-Jun-2022 04:40:29 UTC] PHP Warning:  Attempt to read property "post_type" on null in C:\xampp8\htdocs\santiago\wp-content\plugins\wordpress-seo\src\integrations\third-party\elementor.php on line 154
[22-Jun-2022 04:41:37 UTC] PHP Deprecated:  A função _register_controls está <strong>obsoleta</strong> desde a versão 3.1.0! Em vez disso, use Elementor\Controls_Stack::register_controls(). in C:\xampp8\htdocs\santiago\wp-includes\functions.php on line 5379
[22-Jun-2022 04:45:08 UTC] PHP Deprecated:  A função _register_controls está <strong>obsoleta</strong> desde a versão 3.1.0! Em vez disso, use Elementor\Controls_Stack::register_controls(). in C:\xampp8\htdocs\santiago\wp-includes\functions.php on line 5379
[22-Jun-2022 04:45:27 UTC] PHP Warning:  Attempt to read property "post_type" on null in C:\xampp8\htdocs\santiago\wp-content\plugins\wordpress-seo\src\integrations\third-party\elementor.php on line 154
[22-Jun-2022 04:45:27 UTC] PHP Deprecated:  A função _register_controls está <strong>obsoleta</strong> desde a versão 3.1.0! Em vez disso, use Elementor\Controls_Stack::register_controls(). in C:\xampp8\htdocs\santiago\wp-includes\functions.php on line 5379
[22-Jun-2022 04:45:29 UTC] PHP Deprecated:  A função _register_controls está <strong>obsoleta</strong> desde a versão 3.1.0! Em vez disso, use Elementor\Controls_Stack::register_controls(). in C:\xampp8\htdocs\santiago\wp-includes\functions.php on line 5379
[22-Jun-2022 04:45:50 UTC] PHP Deprecated:  A função _register_controls está <strong>obsoleta</strong> desde a versão 3.1.0! Em vez disso, use Elementor\Controls_Stack::register_controls(). in C:\xampp8\htdocs\santiago\wp-includes\functions.php on line 5379
[22-Jun-2022 04:45:52 UTC] PHP Warning:  Attempt to read property "post_type" on null in C:\xampp8\htdocs\santiago\wp-content\plugins\wordpress-seo\src\integrations\third-party\elementor.php on line 154
[22-Jun-2022 04:45:53 UTC] PHP Deprecated:  A função _register_controls está <strong>obsoleta</strong> desde a versão 3.1.0! Em vez disso, use Elementor\Controls_Stack::register_controls(). in C:\xampp8\htdocs\santiago\wp-includes\functions.php on line 5379
[22-Jun-2022 04:46:05 UTC] PHP Deprecated:  A função _register_controls está <strong>obsoleta</strong> desde a versão 3.1.0! Em vez disso, use Elementor\Controls_Stack::register_controls(). in C:\xampp8\htdocs\santiago\wp-includes\functions.php on line 5379
[22-Jun-2022 04:46:08 UTC] PHP Warning:  Attempt to read property "post_type" on null in C:\xampp8\htdocs\santiago\wp-content\plugins\wordpress-seo\src\integrations\third-party\elementor.php on line 154
[22-Jun-2022 04:47:50 UTC] PHP Deprecated:  A função _register_controls está <strong>obsoleta</strong> desde a versão 3.1.0! Em vez disso, use Elementor\Controls_Stack::register_controls(). in C:\xampp8\htdocs\santiago\wp-includes\functions.php on line 5379
[22-Jun-2022 04:47:52 UTC] PHP Warning:  Attempt to read property "post_type" on null in C:\xampp8\htdocs\santiago\wp-content\plugins\wordpress-seo\src\integrations\third-party\elementor.php on line 154
[22-Jun-2022 04:48:00 UTC] PHP Warning:  unlink(C:\xampp8\htdocs\santiago/wp-content/uploads/wpo/images/wpo_logo_small.png.webp): No such file or directory in C:\xampp8\htdocs\santiago\wp-content\plugins\wp-optimize\vendor\rosell-dk\webp-convert\src\Convert\Converters\BaseTraits\DestinationPreparationTrait.php on line 94
[22-Jun-2022 04:48:00 UTC] PHP Warning:  unlink(C:\xampp8\htdocs\santiago/wp-content/uploads/wpo/images/wpo_logo_small.png.webp): No such file or directory in C:\xampp8\htdocs\santiago\wp-content\plugins\wp-optimize\vendor\rosell-dk\webp-convert\src\Convert\Converters\BaseTraits\DestinationPreparationTrait.php on line 94
[22-Jun-2022 04:48:00 UTC] PHP Warning:  unlink(C:\xampp8\htdocs\santiago/wp-content/uploads/wpo/images/wpo_logo_small.png.webp): No such file or directory in C:\xampp8\htdocs\santiago\wp-content\plugins\wp-optimize\vendor\rosell-dk\webp-convert\src\Convert\Converters\BaseTraits\DestinationPreparationTrait.php on line 73
[22-Jun-2022 04:49:32 UTC] PHP Deprecated:  A função _register_controls está <strong>obsoleta</strong> desde a versão 3.1.0! Em vez disso, use Elementor\Controls_Stack::register_controls(). in C:\xampp8\htdocs\santiago\wp-includes\functions.php on line 5379
[22-Jun-2022 04:49:36 UTC] PHP Warning:  Attempt to read property "post_type" on null in C:\xampp8\htdocs\santiago\wp-content\plugins\wordpress-seo\src\integrations\third-party\elementor.php on line 154
[22-Jun-2022 04:49:43 UTC] PHP Deprecated:  A função _register_controls está <strong>obsoleta</strong> desde a versão 3.1.0! Em vez disso, use Elementor\Controls_Stack::register_controls(). in C:\xampp8\htdocs\santiago\wp-includes\functions.php on line 5379
[22-Jun-2022 04:54:33 UTC] PHP Warning:  Attempt to read property "post_type" on null in C:\xampp8\htdocs\santiago\wp-content\plugins\wordpress-seo\src\integrations\third-party\elementor.php on line 154
[22-Jun-2022 04:56:32 UTC] PHP Warning:  Attempt to read property "post_type" on null in C:\xampp8\htdocs\santiago\wp-content\plugins\wordpress-seo\src\integrations\third-party\elementor.php on line 154
[22-Jun-2022 04:59:03 UTC] PHP Warning:  Attempt to read property "post_type" on null in C:\xampp8\htdocs\santiago\wp-content\plugins\wordpress-seo\src\integrations\third-party\elementor.php on line 154
[22-Jun-2022 05:00:25 UTC] PHP Warning:  Attempt to read property "post_type" on null in C:\xampp8\htdocs\santiago\wp-content\plugins\wordpress-seo\src\integrations\third-party\elementor.php on line 154
[22-Jun-2022 05:00:33 UTC] PHP Warning:  Attempt to read property "post_type" on null in C:\xampp8\htdocs\santiago\wp-content\plugins\wordpress-seo\src\integrations\third-party\elementor.php on line 154
[22-Jun-2022 05:00:35 UTC] PHP Deprecated:  A função _register_controls está <strong>obsoleta</strong> desde a versão 3.1.0! Em vez disso, use Elementor\Controls_Stack::register_controls(). in C:\xampp8\htdocs\santiago\wp-includes\functions.php on line 5379
[22-Jun-2022 05:00:44 UTC] PHP Deprecated:  A função _register_controls está <strong>obsoleta</strong> desde a versão 3.1.0! Em vez disso, use Elementor\Controls_Stack::register_controls(). in C:\xampp8\htdocs\santiago\wp-includes\functions.php on line 5379
[22-Jun-2022 05:01:21 UTC] PHP Deprecated:  A função _register_controls está <strong>obsoleta</strong> desde a versão 3.1.0! Em vez disso, use Elementor\Controls_Stack::register_controls(). in C:\xampp8\htdocs\santiago\wp-includes\functions.php on line 5379
[22-Jun-2022 05:01:21 UTC] PHP Warning:  Attempt to read property "post_type" on null in C:\xampp8\htdocs\santiago\wp-content\plugins\wordpress-seo\src\integrations\third-party\elementor.php on line 154
[22-Jun-2022 05:02:12 UTC] PHP Deprecated:  A função _register_controls está <strong>obsoleta</strong> desde a versão 3.1.0! Em vez disso, use Elementor\Controls_Stack::register_controls(). in C:\xampp8\htdocs\santiago\wp-includes\functions.php on line 5379
[22-Jun-2022 05:02:13 UTC] PHP Warning:  Attempt to read property "post_type" on null in C:\xampp8\htdocs\santiago\wp-content\plugins\wordpress-seo\src\integrations\third-party\elementor.php on line 154
[22-Jun-2022 05:02:28 UTC] PHP Deprecated:  A função _register_controls está <strong>obsoleta</strong> desde a versão 3.1.0! Em vez disso, use Elementor\Controls_Stack::register_controls(). in C:\xampp8\htdocs\santiago\wp-includes\functions.php on line 5379
[22-Jun-2022 05:02:28 UTC] PHP Warning:  Attempt to read property "post_type" on null in C:\xampp8\htdocs\santiago\wp-content\plugins\wordpress-seo\src\integrations\third-party\elementor.php on line 154
[22-Jun-2022 05:02:59 UTC] PHP Deprecated:  A função _register_controls está <strong>obsoleta</strong> desde a versão 3.1.0! Em vez disso, use Elementor\Controls_Stack::register_controls(). in C:\xampp8\htdocs\santiago\wp-includes\functions.php on line 5379
[22-Jun-2022 05:03:01 UTC] PHP Warning:  Attempt to read property "post_type" on null in C:\xampp8\htdocs\santiago\wp-content\plugins\wordpress-seo\src\integrations\third-party\elementor.php on line 154
[22-Jun-2022 05:03:17 UTC] PHP Deprecated:  A função _register_controls está <strong>obsoleta</strong> desde a versão 3.1.0! Em vez disso, use Elementor\Controls_Stack::register_controls(). in C:\xampp8\htdocs\santiago\wp-includes\functions.php on line 5379
[22-Jun-2022 05:03:17 UTC] PHP Warning:  Attempt to read property "post_type" on null in C:\xampp8\htdocs\santiago\wp-content\plugins\wordpress-seo\src\integrations\third-party\elementor.php on line 154
[22-Jun-2022 05:04:40 UTC] PHP Deprecated:  A função _register_controls está <strong>obsoleta</strong> desde a versão 3.1.0! Em vez disso, use Elementor\Controls_Stack::register_controls(). in C:\xampp8\htdocs\santiago\wp-includes\functions.php on line 5379
[22-Jun-2022 05:04:41 UTC] PHP Warning:  Attempt to read property "post_type" on null in C:\xampp8\htdocs\santiago\wp-content\plugins\wordpress-seo\src\integrations\third-party\elementor.php on line 154
[22-Jun-2022 05:05:07 UTC] PHP Deprecated:  A função _register_controls está <strong>obsoleta</strong> desde a versão 3.1.0! Em vez disso, use Elementor\Controls_Stack::register_controls(). in C:\xampp8\htdocs\santiago\wp-includes\functions.php on line 5379
[22-Jun-2022 05:05:08 UTC] PHP Warning:  Attempt to read property "post_type" on null in C:\xampp8\htdocs\santiago\wp-content\plugins\wordpress-seo\src\integrations\third-party\elementor.php on line 154
[22-Jun-2022 05:06:34 UTC] PHP Deprecated:  A função _register_controls está <strong>obsoleta</strong> desde a versão 3.1.0! Em vez disso, use Elementor\Controls_Stack::register_controls(). in C:\xampp8\htdocs\santiago\wp-includes\functions.php on line 5379
[22-Jun-2022 05:06:37 UTC] PHP Warning:  Attempt to read property "post_type" on null in C:\xampp8\htdocs\santiago\wp-content\plugins\wordpress-seo\src\integrations\third-party\elementor.php on line 154
[22-Jun-2022 05:07:10 UTC] PHP Deprecated:  A função _register_controls está <strong>obsoleta</strong> desde a versão 3.1.0! Em vez disso, use Elementor\Controls_Stack::register_controls(). in C:\xampp8\htdocs\santiago\wp-includes\functions.php on line 5379
[22-Jun-2022 05:08:05 UTC] PHP Warning:  unlink(C:\xampp8\htdocs\santiago/wp-content/uploads/wpo/images/wpo_logo_small.png.webp): No such file or directory in C:\xampp8\htdocs\santiago\wp-content\plugins\wp-optimize\vendor\rosell-dk\webp-convert\src\Convert\Converters\BaseTraits\DestinationPreparationTrait.php on line 94
[22-Jun-2022 05:08:10 UTC] PHP Warning:  Attempt to read property "post_type" on null in C:\xampp8\htdocs\santiago\wp-content\plugins\wordpress-seo\src\integrations\third-party\elementor.php on line 154
[22-Jun-2022 05:08:28 UTC] PHP Deprecated:  A função _register_controls está <strong>obsoleta</strong> desde a versão 3.1.0! Em vez disso, use Elementor\Controls_Stack::register_controls(). in C:\xampp8\htdocs\santiago\wp-includes\functions.php on line 5379
[22-Jun-2022 05:08:30 UTC] PHP Deprecated:  A função _register_controls está <strong>obsoleta</strong> desde a versão 3.1.0! Em vez disso, use Elementor\Controls_Stack::register_controls(). in C:\xampp8\htdocs\santiago\wp-includes\functions.php on line 5379
[22-Jun-2022 05:08:31 UTC] PHP Warning:  Attempt to read property "post_type" on null in C:\xampp8\htdocs\santiago\wp-content\plugins\wordpress-seo\src\integrations\third-party\elementor.php on line 154
[22-Jun-2022 05:08:47 UTC] PHP Deprecated:  A função _register_controls está <strong>obsoleta</strong> desde a versão 3.1.0! Em vez disso, use Elementor\Controls_Stack::register_controls(). in C:\xampp8\htdocs\santiago\wp-includes\functions.php on line 5379
[22-Jun-2022 05:08:50 UTC] PHP Warning:  Attempt to read property "post_type" on null in C:\xampp8\htdocs\santiago\wp-content\plugins\wordpress-seo\src\integrations\third-party\elementor.php on line 154
[22-Jun-2022 05:09:09 UTC] PHP Deprecated:  A função _register_controls está <strong>obsoleta</strong> desde a versão 3.1.0! Em vez disso, use Elementor\Controls_Stack::register_controls(). in C:\xampp8\htdocs\santiago\wp-includes\functions.php on line 5379
[22-Jun-2022 05:09:12 UTC] PHP Deprecated:  A função _register_controls está <strong>obsoleta</strong> desde a versão 3.1.0! Em vez disso, use Elementor\Controls_Stack::register_controls(). in C:\xampp8\htdocs\santiago\wp-includes\functions.php on line 5379
[22-Jun-2022 05:09:12 UTC] PHP Warning:  Attempt to read property "post_type" on null in C:\xampp8\htdocs\santiago\wp-content\plugins\wordpress-seo\src\integrations\third-party\elementor.php on line 154
[22-Jun-2022 05:09:35 UTC] PHP Deprecated:  A função _register_controls está <strong>obsoleta</strong> desde a versão 3.1.0! Em vez disso, use Elementor\Controls_Stack::register_controls(). in C:\xampp8\htdocs\santiago\wp-includes\functions.php on line 5379
[22-Jun-2022 05:09:42 UTC] PHP Deprecated:  A função _register_controls está <strong>obsoleta</strong> desde a versão 3.1.0! Em vez disso, use Elementor\Controls_Stack::register_controls(). in C:\xampp8\htdocs\santiago\wp-includes\functions.php on line 5379
[22-Jun-2022 05:10:23 UTC] PHP Warning:  Attempt to read property "post_type" on null in C:\xampp8\htdocs\santiago\wp-content\plugins\wordpress-seo\src\integrations\third-party\elementor.php on line 154
[22-Jun-2022 05:11:16 UTC] PHP Deprecated:  A função _register_controls está <strong>obsoleta</strong> desde a versão 3.1.0! Em vez disso, use Elementor\Controls_Stack::register_controls(). in C:\xampp8\htdocs\santiago\wp-includes\functions.php on line 5379
[22-Jun-2022 05:11:35 UTC] PHP Deprecated:  A função _register_controls está <strong>obsoleta</strong> desde a versão 3.1.0! Em vez disso, use Elementor\Controls_Stack::register_controls(). in C:\xampp8\htdocs\santiago\wp-includes\functions.php on line 5379
[22-Jun-2022 05:17:24 UTC] PHP Deprecated:  A função _register_controls está <strong>obsoleta</strong> desde a versão 3.1.0! Em vez disso, use Elementor\Controls_Stack::register_controls(). in C:\xampp8\htdocs\santiago\wp-includes\functions.php on line 5379
[22-Jun-2022 05:17:27 UTC] PHP Warning:  Attempt to read property "post_type" on null in C:\xampp8\htdocs\santiago\wp-content\plugins\wordpress-seo\src\integrations\third-party\elementor.php on line 154
[22-Jun-2022 05:17:27 UTC] PHP Deprecated:  A função _register_controls está <strong>obsoleta</strong> desde a versão 3.1.0! Em vez disso, use Elementor\Controls_Stack::register_controls(). in C:\xampp8\htdocs\santiago\wp-includes\functions.php on line 5379
[22-Jun-2022 05:17:51 UTC] PHP Deprecated:  A função _register_controls está <strong>obsoleta</strong> desde a versão 3.1.0! Em vez disso, use Elementor\Controls_Stack::register_controls(). in C:\xampp8\htdocs\santiago\wp-includes\functions.php on line 5379
[22-Jun-2022 05:19:06 UTC] PHP Deprecated:  A função _register_controls está <strong>obsoleta</strong> desde a versão 3.1.0! Em vez disso, use Elementor\Controls_Stack::register_controls(). in C:\xampp8\htdocs\santiago\wp-includes\functions.php on line 5379
[22-Jun-2022 05:19:09 UTC] PHP Warning:  Attempt to read property "post_type" on null in C:\xampp8\htdocs\santiago\wp-content\plugins\wordpress-seo\src\integrations\third-party\elementor.php on line 154
[22-Jun-2022 05:19:09 UTC] PHP Deprecated:  A função _register_controls está <strong>obsoleta</strong> desde a versão 3.1.0! Em vez disso, use Elementor\Controls_Stack::register_controls(). in C:\xampp8\htdocs\santiago\wp-includes\functions.php on line 5379
[22-Jun-2022 05:19:45 UTC] PHP Deprecated:  A função _register_controls está <strong>obsoleta</strong> desde a versão 3.1.0! Em vez disso, use Elementor\Controls_Stack::register_controls(). in C:\xampp8\htdocs\santiago\wp-includes\functions.php on line 5379
[22-Jun-2022 05:19:48 UTC] PHP Warning:  Attempt to read property "post_type" on null in C:\xampp8\htdocs\santiago\wp-content\plugins\wordpress-seo\src\integrations\third-party\elementor.php on line 154
[22-Jun-2022 05:19:48 UTC] PHP Deprecated:  A função _register_controls está <strong>obsoleta</strong> desde a versão 3.1.0! Em vez disso, use Elementor\Controls_Stack::register_controls(). in C:\xampp8\htdocs\santiago\wp-includes\functions.php on line 5379
[22-Jun-2022 05:20:41 UTC] PHP Deprecated:  A função _register_controls está <strong>obsoleta</strong> desde a versão 3.1.0! Em vez disso, use Elementor\Controls_Stack::register_controls(). in C:\xampp8\htdocs\santiago\wp-includes\functions.php on line 5379
[22-Jun-2022 05:20:44 UTC] PHP Warning:  Attempt to read property "post_type" on null in C:\xampp8\htdocs\santiago\wp-content\plugins\wordpress-seo\src\integrations\third-party\elementor.php on line 154
[22-Jun-2022 05:20:44 UTC] PHP Deprecated:  A função _register_controls está <strong>obsoleta</strong> desde a versão 3.1.0! Em vez disso, use Elementor\Controls_Stack::register_controls(). in C:\xampp8\htdocs\santiago\wp-includes\functions.php on line 5379
[22-Jun-2022 05:20:48 UTC] PHP Deprecated:  A função _register_controls está <strong>obsoleta</strong> desde a versão 3.1.0! Em vez disso, use Elementor\Controls_Stack::register_controls(). in C:\xampp8\htdocs\santiago\wp-includes\functions.php on line 5379
[22-Jun-2022 05:20:50 UTC] PHP Warning:  unlink(C:\xampp8\htdocs\santiago/wp-content/uploads/wpo/images/wpo_logo_small.png.webp): No such file or directory in C:\xampp8\htdocs\santiago\wp-content\plugins\wp-optimize\vendor\rosell-dk\webp-convert\src\Convert\Converters\BaseTraits\DestinationPreparationTrait.php on line 73
[22-Jun-2022 05:20:51 UTC] PHP Deprecated:  A função _register_controls está <strong>obsoleta</strong> desde a versão 3.1.0! Em vez disso, use Elementor\Controls_Stack::register_controls(). in C:\xampp8\htdocs\santiago\wp-includes\functions.php on line 5379
[22-Jun-2022 05:20:52 UTC] PHP Warning:  Attempt to read property "post_type" on null in C:\xampp8\htdocs\santiago\wp-content\plugins\wordpress-seo\src\integrations\third-party\elementor.php on line 154
[22-Jun-2022 05:20:52 UTC] PHP Deprecated:  A função _register_controls está <strong>obsoleta</strong> desde a versão 3.1.0! Em vez disso, use Elementor\Controls_Stack::register_controls(). in C:\xampp8\htdocs\santiago\wp-includes\functions.php on line 5379
[22-Jun-2022 05:21:01 UTC] PHP Deprecated:  A função _register_controls está <strong>obsoleta</strong> desde a versão 3.1.0! Em vez disso, use Elementor\Controls_Stack::register_controls(). in C:\xampp8\htdocs\santiago\wp-includes\functions.php on line 5379
[22-Jun-2022 05:21:03 UTC] PHP Deprecated:  A função _register_controls está <strong>obsoleta</strong> desde a versão 3.1.0! Em vez disso, use Elementor\Controls_Stack::register_controls(). in C:\xampp8\htdocs\santiago\wp-includes\functions.php on line 5379
[22-Jun-2022 05:21:04 UTC] PHP Warning:  unlink(C:\xampp8\htdocs\santiago/wp-content/uploads/wpo/images/wpo_logo_small.png.webp): No such file or directory in C:\xampp8\htdocs\santiago\wp-content\plugins\wp-optimize\vendor\rosell-dk\webp-convert\src\Convert\Converters\BaseTraits\DestinationPreparationTrait.php on line 73
[22-Jun-2022 05:21:05 UTC] PHP Warning:  Attempt to read property "post_type" on null in C:\xampp8\htdocs\santiago\wp-content\plugins\wordpress-seo\src\integrations\third-party\elementor.php on line 154
[22-Jun-2022 05:21:05 UTC] PHP Deprecated:  A função _register_controls está <strong>obsoleta</strong> desde a versão 3.1.0! Em vez disso, use Elementor\Controls_Stack::register_controls(). in C:\xampp8\htdocs\santiago\wp-includes\functions.php on line 5379
[22-Jun-2022 05:21:25 UTC] PHP Deprecated:  A função _register_controls está <strong>obsoleta</strong> desde a versão 3.1.0! Em vez disso, use Elementor\Controls_Stack::register_controls(). in C:\xampp8\htdocs\santiago\wp-includes\functions.php on line 5379
[22-Jun-2022 05:21:27 UTC] PHP Deprecated:  A função _register_controls está <strong>obsoleta</strong> desde a versão 3.1.0! Em vez disso, use Elementor\Controls_Stack::register_controls(). in C:\xampp8\htdocs\santiago\wp-includes\functions.php on line 5379
[22-Jun-2022 05:21:28 UTC] PHP Warning:  unlink(C:\xampp8\htdocs\santiago/wp-content/uploads/wpo/images/wpo_logo_small.png.webp): No such file or directory in C:\xampp8\htdocs\santiago\wp-content\plugins\wp-optimize\vendor\rosell-dk\webp-convert\src\Convert\Converters\BaseTraits\DestinationPreparationTrait.php on line 73
[22-Jun-2022 05:21:28 UTC] PHP Warning:  unlink(C:\xampp8\htdocs\santiago/wp-content/uploads/wpo/images/wpo_logo_small.png.webp): No such file or directory in C:\xampp8\htdocs\santiago\wp-content\plugins\wp-optimize\vendor\rosell-dk\webp-convert\src\Convert\Converters\BaseTraits\DestinationPreparationTrait.php on line 73
[22-Jun-2022 05:21:28 UTC] PHP Warning:  unlink(C:\xampp8\htdocs\santiago/wp-content/uploads/wpo/images/wpo_logo_small.png.webp): No such file or directory in C:\xampp8\htdocs\santiago\wp-content\plugins\wp-optimize\vendor\rosell-dk\webp-convert\src\Convert\Converters\BaseTraits\DestinationPreparationTrait.php on line 94
[22-Jun-2022 05:21:28 UTC] PHP Warning:  unlink(C:\xampp8\htdocs\santiago/wp-content/uploads/wpo/images/wpo_logo_small.png.webp): No such file or directory in C:\xampp8\htdocs\santiago\wp-content\plugins\wp-optimize\vendor\rosell-dk\webp-convert\src\Convert\Converters\BaseTraits\DestinationPreparationTrait.php on line 73
[22-Jun-2022 05:21:29 UTC] PHP Warning:  Attempt to read property "post_type" on null in C:\xampp8\htdocs\santiago\wp-content\plugins\wordpress-seo\src\integrations\third-party\elementor.php on line 154
[22-Jun-2022 05:21:29 UTC] PHP Deprecated:  A função _register_controls está <strong>obsoleta</strong> desde a versão 3.1.0! Em vez disso, use Elementor\Controls_Stack::register_controls(). in C:\xampp8\htdocs\santiago\wp-includes\functions.php on line 5379
[22-Jun-2022 05:22:10 UTC] PHP Deprecated:  A função _register_controls está <strong>obsoleta</strong> desde a versão 3.1.0! Em vez disso, use Elementor\Controls_Stack::register_controls(). in C:\xampp8\htdocs\santiago\wp-includes\functions.php on line 5379
[22-Jun-2022 05:22:56 UTC] PHP Deprecated:  A função _register_controls está <strong>obsoleta</strong> desde a versão 3.1.0! Em vez disso, use Elementor\Controls_Stack::register_controls(). in C:\xampp8\htdocs\santiago\wp-includes\functions.php on line 5379
[22-Jun-2022 05:22:58 UTC] PHP Deprecated:  A função _register_controls está <strong>obsoleta</strong> desde a versão 3.1.0! Em vez disso, use Elementor\Controls_Stack::register_controls(). in C:\xampp8\htdocs\santiago\wp-includes\functions.php on line 5379
[22-Jun-2022 05:22:59 UTC] PHP Warning:  Attempt to read property "post_type" on null in C:\xampp8\htdocs\santiago\wp-content\plugins\wordpress-seo\src\integrations\third-party\elementor.php on line 154
[22-Jun-2022 05:23:00 UTC] PHP Deprecated:  A função _register_controls está <strong>obsoleta</strong> desde a versão 3.1.0! Em vez disso, use Elementor\Controls_Stack::register_controls(). in C:\xampp8\htdocs\santiago\wp-includes\functions.php on line 5379
[22-Jun-2022 05:23:00 UTC] PHP Deprecated:  A função _register_controls está <strong>obsoleta</strong> desde a versão 3.1.0! Em vez disso, use Elementor\Controls_Stack::register_controls(). in C:\xampp8\htdocs\santiago\wp-includes\functions.php on line 5379
[22-Jun-2022 05:23:36 UTC] PHP Deprecated:  A função _register_controls está <strong>obsoleta</strong> desde a versão 3.1.0! Em vez disso, use Elementor\Controls_Stack::register_controls(). in C:\xampp8\htdocs\santiago\wp-includes\functions.php on line 5379
[22-Jun-2022 05:25:11 UTC] PHP Warning:  unlink(C:\xampp8\htdocs\santiago/wp-content/uploads/wpo/images/wpo_logo_small.png.webp): No such file or directory in C:\xampp8\htdocs\santiago\wp-content\plugins\wp-optimize\vendor\rosell-dk\webp-convert\src\Convert\Converters\BaseTraits\DestinationPreparationTrait.php on line 73
[22-Jun-2022 05:25:11 UTC] PHP Warning:  unlink(C:\xampp8\htdocs\santiago/wp-content/uploads/wpo/images/wpo_logo_small.png.webp): No such file or directory in C:\xampp8\htdocs\santiago\wp-content\plugins\wp-optimize\vendor\rosell-dk\webp-convert\src\Convert\Converters\BaseTraits\DestinationPreparationTrait.php on line 73
[22-Jun-2022 05:25:12 UTC] PHP Warning:  Attempt to read property "post_type" on null in C:\xampp8\htdocs\santiago\wp-content\plugins\wordpress-seo\src\integrations\third-party\elementor.php on line 154
[22-Jun-2022 05:25:12 UTC] PHP Deprecated:  A função _register_controls está <strong>obsoleta</strong> desde a versão 3.1.0! Em vez disso, use Elementor\Controls_Stack::register_controls(). in C:\xampp8\htdocs\santiago\wp-includes\functions.php on line 5379
[22-Jun-2022 05:25:24 UTC] PHP Deprecated:  A função _register_controls está <strong>obsoleta</strong> desde a versão 3.1.0! Em vez disso, use Elementor\Controls_Stack::register_controls(). in C:\xampp8\htdocs\santiago\wp-includes\functions.php on line 5379
[22-Jun-2022 05:27:22 UTC] PHP Deprecated:  A função _register_controls está <strong>obsoleta</strong> desde a versão 3.1.0! Em vez disso, use Elementor\Controls_Stack::register_controls(). in C:\xampp8\htdocs\santiago\wp-includes\functions.php on line 5379
[22-Jun-2022 05:27:24 UTC] PHP Warning:  unlink(C:\xampp8\htdocs\santiago/wp-content/uploads/wpo/images/wpo_logo_small.png.webp): No such file or directory in C:\xampp8\htdocs\santiago\wp-content\plugins\wp-optimize\vendor\rosell-dk\webp-convert\src\Convert\Converters\BaseTraits\DestinationPreparationTrait.php on line 73
[22-Jun-2022 05:27:25 UTC] PHP Warning:  Attempt to read property "post_type" on null in C:\xampp8\htdocs\santiago\wp-content\plugins\wordpress-seo\src\integrations\third-party\elementor.php on line 154
[22-Jun-2022 05:27:25 UTC] PHP Deprecated:  A função _register_controls está <strong>obsoleta</strong> desde a versão 3.1.0! Em vez disso, use Elementor\Controls_Stack::register_controls(). in C:\xampp8\htdocs\santiago\wp-includes\functions.php on line 5379
[22-Jun-2022 05:29:39 UTC] PHP Deprecated:  A função _register_controls está <strong>obsoleta</strong> desde a versão 3.1.0! Em vez disso, use Elementor\Controls_Stack::register_controls(). in C:\xampp8\htdocs\santiago\wp-includes\functions.php on line 5379
[22-Jun-2022 05:29:41 UTC] PHP Warning:  Attempt to read property "post_type" on null in C:\xampp8\htdocs\santiago\wp-content\plugins\wordpress-seo\src\integrations\third-party\elementor.php on line 154
[22-Jun-2022 05:29:41 UTC] PHP Deprecated:  A função _register_controls está <strong>obsoleta</strong> desde a versão 3.1.0! Em vez disso, use Elementor\Controls_Stack::register_controls(). in C:\xampp8\htdocs\santiago\wp-includes\functions.php on line 5379
[22-Jun-2022 05:31:02 UTC] PHP Deprecated:  A função _register_controls está <strong>obsoleta</strong> desde a versão 3.1.0! Em vez disso, use Elementor\Controls_Stack::register_controls(). in C:\xampp8\htdocs\santiago\wp-includes\functions.php on line 5379
[22-Jun-2022 05:31:05 UTC] PHP Deprecated:  A função _register_controls está <strong>obsoleta</strong> desde a versão 3.1.0! Em vez disso, use Elementor\Controls_Stack::register_controls(). in C:\xampp8\htdocs\santiago\wp-includes\functions.php on line 5379
[22-Jun-2022 05:32:28 UTC] PHP Warning:  unlink(C:\xampp8\htdocs\santiago/wp-content/uploads/wpo/images/wpo_logo_small.png.webp): No such file or directory in C:\xampp8\htdocs\santiago\wp-content\plugins\wp-optimize\vendor\rosell-dk\webp-convert\src\Convert\Converters\BaseTraits\DestinationPreparationTrait.php on line 73
[22-Jun-2022 05:33:44 UTC] PHP Deprecated:  A função _register_controls está <strong>obsoleta</strong> desde a versão 3.1.0! Em vez disso, use Elementor\Controls_Stack::register_controls(). in C:\xampp8\htdocs\santiago\wp-includes\functions.php on line 5379
[22-Jun-2022 05:33:46 UTC] PHP Deprecated:  A função _register_controls está <strong>obsoleta</strong> desde a versão 3.1.0! Em vez disso, use Elementor\Controls_Stack::register_controls(). in C:\xampp8\htdocs\santiago\wp-includes\functions.php on line 5379
[22-Jun-2022 05:35:15 UTC] PHP Warning:  unlink(C:\xampp8\htdocs\santiago/wp-content/uploads/wpo/images/wpo_logo_small.png.webp): Permission denied in C:\xampp8\htdocs\santiago\wp-content\plugins\wp-optimize\vendor\rosell-dk\webp-convert\src\Convert\Converters\BaseTraits\DestinationPreparationTrait.php on line 73
[22-Jun-2022 05:39:26 UTC] PHP Deprecated:  A função _register_controls está <strong>obsoleta</strong> desde a versão 3.1.0! Em vez disso, use Elementor\Controls_Stack::register_controls(). in C:\xampp8\htdocs\santiago\wp-includes\functions.php on line 5379
[22-Jun-2022 05:39:30 UTC] PHP Warning:  Attempt to read property "post_type" on null in C:\xampp8\htdocs\santiago\wp-content\plugins\wordpress-seo\src\integrations\third-party\elementor.php on line 154
[22-Jun-2022 05:39:30 UTC] PHP Deprecated:  A função _register_controls está <strong>obsoleta</strong> desde a versão 3.1.0! Em vez disso, use Elementor\Controls_Stack::register_controls(). in C:\xampp8\htdocs\santiago\wp-includes\functions.php on line 5379
[22-Jun-2022 05:45:58 UTC] PHP Deprecated:  A função _register_controls está <strong>obsoleta</strong> desde a versão 3.1.0! Em vez disso, use Elementor\Controls_Stack::register_controls(). in C:\xampp8\htdocs\santiago\wp-includes\functions.php on line 5379
[22-Jun-2022 05:46:00 UTC] PHP Warning:  unlink(C:\xampp8\htdocs\santiago/wp-content/uploads/wpo/images/wpo_logo_small.png.webp): No such file or directory in C:\xampp8\htdocs\santiago\wp-content\plugins\wp-optimize\vendor\rosell-dk\webp-convert\src\Convert\Converters\BaseTraits\DestinationPreparationTrait.php on line 73
[22-Jun-2022 05:46:01 UTC] PHP Warning:  Attempt to read property "post_type" on null in C:\xampp8\htdocs\santiago\wp-content\plugins\wordpress-seo\src\integrations\third-party\elementor.php on line 154
[22-Jun-2022 05:46:01 UTC] PHP Deprecated:  A função _register_controls está <strong>obsoleta</strong> desde a versão 3.1.0! Em vez disso, use Elementor\Controls_Stack::register_controls(). in C:\xampp8\htdocs\santiago\wp-includes\functions.php on line 5379
[22-Jun-2022 05:46:01 UTC] PHP Deprecated:  A função _register_controls está <strong>obsoleta</strong> desde a versão 3.1.0! Em vez disso, use Elementor\Controls_Stack::register_controls(). in C:\xampp8\htdocs\santiago\wp-includes\functions.php on line 5379
[22-Jun-2022 05:47:02 UTC] PHP Deprecated:  A função _register_controls está <strong>obsoleta</strong> desde a versão 3.1.0! Em vez disso, use Elementor\Controls_Stack::register_controls(). in C:\xampp8\htdocs\santiago\wp-includes\functions.php on line 5379
[22-Jun-2022 05:47:05 UTC] PHP Warning:  Attempt to read property "post_type" on null in C:\xampp8\htdocs\santiago\wp-content\plugins\wordpress-seo\src\integrations\third-party\elementor.php on line 154
[22-Jun-2022 05:47:06 UTC] PHP Deprecated:  A função _register_controls está <strong>obsoleta</strong> desde a versão 3.1.0! Em vez disso, use Elementor\Controls_Stack::register_controls(). in C:\xampp8\htdocs\santiago\wp-includes\functions.php on line 5379
[22-Jun-2022 05:47:58 UTC] PHP Deprecated:  A função _register_controls está <strong>obsoleta</strong> desde a versão 3.1.0! Em vez disso, use Elementor\Controls_Stack::register_controls(). in C:\xampp8\htdocs\santiago\wp-includes\functions.php on line 5379
[22-Jun-2022 05:48:00 UTC] PHP Warning:  unlink(C:\xampp8\htdocs\santiago/wp-content/uploads/wpo/images/wpo_logo_small.png.webp): No such file or directory in C:\xampp8\htdocs\santiago\wp-content\plugins\wp-optimize\vendor\rosell-dk\webp-convert\src\Convert\Converters\BaseTraits\DestinationPreparationTrait.php on line 73
[22-Jun-2022 05:48:00 UTC] PHP Warning:  unlink(C:\xampp8\htdocs\santiago/wp-content/uploads/wpo/images/wpo_logo_small.png.webp): No such file or directory in C:\xampp8\htdocs\santiago\wp-content\plugins\wp-optimize\vendor\rosell-dk\webp-convert\src\Convert\Converters\BaseTraits\DestinationPreparationTrait.php on line 73
[22-Jun-2022 05:48:01 UTC] PHP Warning:  unlink(C:\xampp8\htdocs\santiago/wp-content/uploads/wpo/images/wpo_logo_small.png.webp): No such file or directory in C:\xampp8\htdocs\santiago\wp-content\plugins\wp-optimize\vendor\rosell-dk\webp-convert\src\Convert\Converters\BaseTraits\DestinationPreparationTrait.php on line 94
[22-Jun-2022 05:48:01 UTC] PHP Warning:  unlink(C:\xampp8\htdocs\santiago/wp-content/uploads/wpo/images/wpo_logo_small.png.webp): No such file or directory in C:\xampp8\htdocs\santiago\wp-content\plugins\wp-optimize\vendor\rosell-dk\webp-convert\src\Convert\Converters\BaseTraits\DestinationPreparationTrait.php on line 73
[22-Jun-2022 05:48:01 UTC] PHP Warning:  Attempt to read property "post_type" on null in C:\xampp8\htdocs\santiago\wp-content\plugins\wordpress-seo\src\integrations\third-party\elementor.php on line 154
[22-Jun-2022 05:48:02 UTC] PHP Deprecated:  A função _register_controls está <strong>obsoleta</strong> desde a versão 3.1.0! Em vez disso, use Elementor\Controls_Stack::register_controls(). in C:\xampp8\htdocs\santiago\wp-includes\functions.php on line 5379
[22-Jun-2022 05:48:53 UTC] PHP Deprecated:  A função _register_controls está <strong>obsoleta</strong> desde a versão 3.1.0! Em vez disso, use Elementor\Controls_Stack::register_controls(). in C:\xampp8\htdocs\santiago\wp-includes\functions.php on line 5379
[22-Jun-2022 05:48:56 UTC] PHP Warning:  Attempt to read property "post_type" on null in C:\xampp8\htdocs\santiago\wp-content\plugins\wordpress-seo\src\integrations\third-party\elementor.php on line 154
[22-Jun-2022 05:48:56 UTC] PHP Deprecated:  A função _register_controls está <strong>obsoleta</strong> desde a versão 3.1.0! Em vez disso, use Elementor\Controls_Stack::register_controls(). in C:\xampp8\htdocs\santiago\wp-includes\functions.php on line 5379
[22-Jun-2022 05:49:12 UTC] PHP Deprecated:  A função _register_controls está <strong>obsoleta</strong> desde a versão 3.1.0! Em vez disso, use Elementor\Controls_Stack::register_controls(). in C:\xampp8\htdocs\santiago\wp-includes\functions.php on line 5379
[22-Jun-2022 05:49:16 UTC] PHP Warning:  Attempt to read property "post_type" on null in C:\xampp8\htdocs\santiago\wp-content\plugins\wordpress-seo\src\integrations\third-party\elementor.php on line 154
[22-Jun-2022 05:49:17 UTC] PHP Deprecated:  A função _register_controls está <strong>obsoleta</strong> desde a versão 3.1.0! Em vez disso, use Elementor\Controls_Stack::register_controls(). in C:\xampp8\htdocs\santiago\wp-includes\functions.php on line 5379
[22-Jun-2022 05:51:30 UTC] PHP Deprecated:  A função _register_controls está <strong>obsoleta</strong> desde a versão 3.1.0! Em vez disso, use Elementor\Controls_Stack::register_controls(). in C:\xampp8\htdocs\santiago\wp-includes\functions.php on line 5379
[22-Jun-2022 05:51:33 UTC] PHP Deprecated:  A função _register_controls está <strong>obsoleta</strong> desde a versão 3.1.0! Em vez disso, use Elementor\Controls_Stack::register_controls(). in C:\xampp8\htdocs\santiago\wp-includes\functions.php on line 5379
[22-Jun-2022 05:51:47 UTC] PHP Warning:  unlink(C:\xampp8\htdocs\santiago/wp-content/uploads/wpo/images/wpo_logo_small.png.webp): No such file or directory in C:\xampp8\htdocs\santiago\wp-content\plugins\wp-optimize\vendor\rosell-dk\webp-convert\src\Convert\Converters\BaseTraits\DestinationPreparationTrait.php on line 73
[22-Jun-2022 05:51:47 UTC] PHP Warning:  unlink(C:\xampp8\htdocs\santiago/wp-content/uploads/wpo/images/wpo_logo_small.png.webp): No such file or directory in C:\xampp8\htdocs\santiago\wp-content\plugins\wp-optimize\vendor\rosell-dk\webp-convert\src\Convert\Converters\BaseTraits\DestinationPreparationTrait.php on line 73
[22-Jun-2022 05:52:36 UTC] PHP Deprecated:  A função _register_controls está <strong>obsoleta</strong> desde a versão 3.1.0! Em vez disso, use Elementor\Controls_Stack::register_controls(). in C:\xampp8\htdocs\santiago\wp-includes\functions.php on line 5379
[22-Jun-2022 05:52:40 UTC] PHP Warning:  unlink(C:\xampp8\htdocs\santiago/wp-content/uploads/wpo/images/wpo_logo_small.png.webp): No such file or directory in C:\xampp8\htdocs\santiago\wp-content\plugins\wp-optimize\vendor\rosell-dk\webp-convert\src\Convert\Converters\BaseTraits\DestinationPreparationTrait.php on line 73
[22-Jun-2022 05:52:41 UTC] PHP Warning:  Attempt to read property "post_type" on null in C:\xampp8\htdocs\santiago\wp-content\plugins\wordpress-seo\src\integrations\third-party\elementor.php on line 154
[22-Jun-2022 05:52:41 UTC] PHP Deprecated:  A função _register_controls está <strong>obsoleta</strong> desde a versão 3.1.0! Em vez disso, use Elementor\Controls_Stack::register_controls(). in C:\xampp8\htdocs\santiago\wp-includes\functions.php on line 5379
[22-Jun-2022 05:52:43 UTC] PHP Deprecated:  A função _register_controls está <strong>obsoleta</strong> desde a versão 3.1.0! Em vez disso, use Elementor\Controls_Stack::register_controls(). in C:\xampp8\htdocs\santiago\wp-includes\functions.php on line 5379
[22-Jun-2022 05:53:03 UTC] PHP Deprecated:  A função _register_controls está <strong>obsoleta</strong> desde a versão 3.1.0! Em vez disso, use Elementor\Controls_Stack::register_controls(). in C:\xampp8\htdocs\santiago\wp-includes\functions.php on line 5379
[22-Jun-2022 05:53:04 UTC] PHP Deprecated:  A função _register_controls está <strong>obsoleta</strong> desde a versão 3.1.0! Em vez disso, use Elementor\Controls_Stack::register_controls(). in C:\xampp8\htdocs\santiago\wp-includes\functions.php on line 5379
[22-Jun-2022 05:53:06 UTC] PHP Warning:  unlink(C:\xampp8\htdocs\santiago/wp-content/uploads/wpo/images/wpo_logo_small.png.webp): No such file or directory in C:\xampp8\htdocs\santiago\wp-content\plugins\wp-optimize\vendor\rosell-dk\webp-convert\src\Convert\Converters\BaseTraits\DestinationPreparationTrait.php on line 73
[22-Jun-2022 05:53:07 UTC] PHP Warning:  Attempt to read property "post_type" on null in C:\xampp8\htdocs\santiago\wp-content\plugins\wordpress-seo\src\integrations\third-party\elementor.php on line 154
[22-Jun-2022 05:53:07 UTC] PHP Deprecated:  A função _register_controls está <strong>obsoleta</strong> desde a versão 3.1.0! Em vez disso, use Elementor\Controls_Stack::register_controls(). in C:\xampp8\htdocs\santiago\wp-includes\functions.php on line 5379
[22-Jun-2022 05:56:37 UTC] PHP Deprecated:  A função _register_controls está <strong>obsoleta</strong> desde a versão 3.1.0! Em vez disso, use Elementor\Controls_Stack::register_controls(). in C:\xampp8\htdocs\santiago\wp-includes\functions.php on line 5379
[22-Jun-2022 05:58:16 UTC] PHP Deprecated:  A função _register_controls está <strong>obsoleta</strong> desde a versão 3.1.0! Em vez disso, use Elementor\Controls_Stack::register_controls(). in C:\xampp8\htdocs\santiago\wp-includes\functions.php on line 5379
[22-Jun-2022 06:08:40 UTC] PHP Deprecated:  A função _register_controls está <strong>obsoleta</strong> desde a versão 3.1.0! Em vez disso, use Elementor\Controls_Stack::register_controls(). in C:\xampp8\htdocs\santiago\wp-includes\functions.php on line 5379
[22-Jun-2022 06:14:51 UTC] PHP Deprecated:  A função _register_controls está <strong>obsoleta</strong> desde a versão 3.1.0! Em vez disso, use Elementor\Controls_Stack::register_controls(). in C:\xampp8\htdocs\santiago\wp-includes\functions.php on line 5379
[22-Jun-2022 06:16:16 UTC] PHP Deprecated:  A função _register_controls está <strong>obsoleta</strong> desde a versão 3.1.0! Em vez disso, use Elementor\Controls_Stack::register_controls(). in C:\xampp8\htdocs\santiago\wp-includes\functions.php on line 5379
[22-Jun-2022 06:17:09 UTC] PHP Deprecated:  A função _register_controls está <strong>obsoleta</strong> desde a versão 3.1.0! Em vez disso, use Elementor\Controls_Stack::register_controls(). in C:\xampp8\htdocs\santiago\wp-includes\functions.php on line 5379
[22-Jun-2022 06:17:12 UTC] PHP Warning:  unlink(C:\xampp8\htdocs\santiago/wp-content/uploads/wpo/images/wpo_logo_small.png.webp): No such file or directory in C:\xampp8\htdocs\santiago\wp-content\plugins\wp-optimize\vendor\rosell-dk\webp-convert\src\Convert\Converters\BaseTraits\DestinationPreparationTrait.php on line 73
[22-Jun-2022 06:17:13 UTC] PHP Warning:  Attempt to read property "post_type" on null in C:\xampp8\htdocs\santiago\wp-content\plugins\wordpress-seo\src\integrations\third-party\elementor.php on line 154
[22-Jun-2022 06:17:13 UTC] PHP Deprecated:  A função _register_controls está <strong>obsoleta</strong> desde a versão 3.1.0! Em vez disso, use Elementor\Controls_Stack::register_controls(). in C:\xampp8\htdocs\santiago\wp-includes\functions.php on line 5379
[22-Jun-2022 06:18:21 UTC] PHP Deprecated:  A função _register_controls está <strong>obsoleta</strong> desde a versão 3.1.0! Em vez disso, use Elementor\Controls_Stack::register_controls(). in C:\xampp8\htdocs\santiago\wp-includes\functions.php on line 5379
[22-Jun-2022 06:18:26 UTC] PHP Warning:  unlink(C:\xampp8\htdocs\santiago/wp-content/uploads/wpo/images/wpo_logo_small.png.webp): No such file or directory in C:\xampp8\htdocs\santiago\wp-content\plugins\wp-optimize\vendor\rosell-dk\webp-convert\src\Convert\Converters\BaseTraits\DestinationPreparationTrait.php on line 73
[22-Jun-2022 06:18:26 UTC] PHP Warning:  unlink(C:\xampp8\htdocs\santiago/wp-content/uploads/wpo/images/wpo_logo_small.png.webp): No such file or directory in C:\xampp8\htdocs\santiago\wp-content\plugins\wp-optimize\vendor\rosell-dk\webp-convert\src\Convert\Converters\BaseTraits\DestinationPreparationTrait.php on line 73
[22-Jun-2022 06:25:21 UTC] PHP Deprecated:  A função _register_controls está <strong>obsoleta</strong> desde a versão 3.1.0! Em vez disso, use Elementor\Controls_Stack::register_controls(). in C:\xampp8\htdocs\santiago\wp-includes\functions.php on line 5379
[22-Jun-2022 06:25:24 UTC] PHP Warning:  unlink(C:\xampp8\htdocs\santiago/wp-content/uploads/wpo/images/wpo_logo_small.png.webp): No such file or directory in C:\xampp8\htdocs\santiago\wp-content\plugins\wp-optimize\vendor\rosell-dk\webp-convert\src\Convert\Converters\BaseTraits\DestinationPreparationTrait.php on line 73
[22-Jun-2022 06:25:25 UTC] PHP Warning:  Attempt to read property "post_type" on null in C:\xampp8\htdocs\santiago\wp-content\plugins\wordpress-seo\src\integrations\third-party\elementor.php on line 154
[22-Jun-2022 06:25:25 UTC] PHP Deprecated:  A função _register_controls está <strong>obsoleta</strong> desde a versão 3.1.0! Em vez disso, use Elementor\Controls_Stack::register_controls(). in C:\xampp8\htdocs\santiago\wp-includes\functions.php on line 5379
[22-Jun-2022 06:25:28 UTC] PHP Deprecated:  A função _register_controls está <strong>obsoleta</strong> desde a versão 3.1.0! Em vez disso, use Elementor\Controls_Stack::register_controls(). in C:\xampp8\htdocs\santiago\wp-includes\functions.php on line 5379
[22-Jun-2022 06:26:35 UTC] PHP Deprecated:  A função _register_controls está <strong>obsoleta</strong> desde a versão 3.1.0! Em vez disso, use Elementor\Controls_Stack::register_controls(). in C:\xampp8\htdocs\santiago\wp-includes\functions.php on line 5379
[22-Jun-2022 06:26:38 UTC] PHP Warning:  Attempt to read property "post_type" on null in C:\xampp8\htdocs\santiago\wp-content\plugins\wordpress-seo\src\integrations\third-party\elementor.php on line 154
[22-Jun-2022 06:26:38 UTC] PHP Deprecated:  A função _register_controls está <strong>obsoleta</strong> desde a versão 3.1.0! Em vez disso, use Elementor\Controls_Stack::register_controls(). in C:\xampp8\htdocs\santiago\wp-includes\functions.php on line 5379
[22-Jun-2022 06:28:58 UTC] PHP Deprecated:  A função _register_controls está <strong>obsoleta</strong> desde a versão 3.1.0! Em vez disso, use Elementor\Controls_Stack::register_controls(). in C:\xampp8\htdocs\santiago\wp-includes\functions.php on line 5379
[22-Jun-2022 06:29:01 UTC] PHP Deprecated:  A função _register_controls está <strong>obsoleta</strong> desde a versão 3.1.0! Em vez disso, use Elementor\Controls_Stack::register_controls(). in C:\xampp8\htdocs\santiago\wp-includes\functions.php on line 5379
[22-Jun-2022 06:33:41 UTC] PHP Deprecated:  A função _register_controls está <strong>obsoleta</strong> desde a versão 3.1.0! Em vez disso, use Elementor\Controls_Stack::register_controls(). in C:\xampp8\htdocs\santiago\wp-includes\functions.php on line 5379
[22-Jun-2022 06:33:45 UTC] PHP Warning:  Attempt to read property "post_type" on null in C:\xampp8\htdocs\santiago\wp-content\plugins\wordpress-seo\src\integrations\third-party\elementor.php on line 154
[22-Jun-2022 06:33:45 UTC] PHP Deprecated:  A função _register_controls está <strong>obsoleta</strong> desde a versão 3.1.0! Em vez disso, use Elementor\Controls_Stack::register_controls(). in C:\xampp8\htdocs\santiago\wp-includes\functions.php on line 5379
[22-Jun-2022 06:34:43 UTC] PHP Deprecated:  A função _register_controls está <strong>obsoleta</strong> desde a versão 3.1.0! Em vez disso, use Elementor\Controls_Stack::register_controls(). in C:\xampp8\htdocs\santiago\wp-includes\functions.php on line 5379
[22-Jun-2022 06:35:11 UTC] PHP Deprecated:  A função _register_controls está <strong>obsoleta</strong> desde a versão 3.1.0! Em vez disso, use Elementor\Controls_Stack::register_controls(). in C:\xampp8\htdocs\santiago\wp-includes\functions.php on line 5379
[22-Jun-2022 06:35:42 UTC] PHP Deprecated:  A função _register_controls está <strong>obsoleta</strong> desde a versão 3.1.0! Em vez disso, use Elementor\Controls_Stack::register_controls(). in C:\xampp8\htdocs\santiago\wp-includes\functions.php on line 5379
[22-Jun-2022 06:36:27 UTC] PHP Deprecated:  A função _register_controls está <strong>obsoleta</strong> desde a versão 3.1.0! Em vez disso, use Elementor\Controls_Stack::register_controls(). in C:\xampp8\htdocs\santiago\wp-includes\functions.php on line 5379
[22-Jun-2022 06:36:28 UTC] PHP Deprecated:  A função _register_controls está <strong>obsoleta</strong> desde a versão 3.1.0! Em vez disso, use Elementor\Controls_Stack::register_controls(). in C:\xampp8\htdocs\santiago\wp-includes\functions.php on line 5379
[22-Jun-2022 06:36:30 UTC] PHP Warning:  unlink(C:\xampp8\htdocs\santiago/wp-content/uploads/wpo/images/wpo_logo_small.png.webp): No such file or directory in C:\xampp8\htdocs\santiago\wp-content\plugins\wp-optimize\vendor\rosell-dk\webp-convert\src\Convert\Converters\BaseTraits\DestinationPreparationTrait.php on line 73
[22-Jun-2022 06:36:31 UTC] PHP Warning:  Attempt to read property "post_type" on null in C:\xampp8\htdocs\santiago\wp-content\plugins\wordpress-seo\src\integrations\third-party\elementor.php on line 154
[22-Jun-2022 06:36:31 UTC] PHP Deprecated:  A função _register_controls está <strong>obsoleta</strong> desde a versão 3.1.0! Em vez disso, use Elementor\Controls_Stack::register_controls(). in C:\xampp8\htdocs\santiago\wp-includes\functions.php on line 5379
[22-Jun-2022 06:36:44 UTC] PHP Deprecated:  A função _register_controls está <strong>obsoleta</strong> desde a versão 3.1.0! Em vez disso, use Elementor\Controls_Stack::register_controls(). in C:\xampp8\htdocs\santiago\wp-includes\functions.php on line 5379
[22-Jun-2022 06:37:27 UTC] PHP Deprecated:  A função _register_controls está <strong>obsoleta</strong> desde a versão 3.1.0! Em vez disso, use Elementor\Controls_Stack::register_controls(). in C:\xampp8\htdocs\santiago\wp-includes\functions.php on line 5379
[22-Jun-2022 06:38:34 UTC] PHP Deprecated:  A função _register_controls está <strong>obsoleta</strong> desde a versão 3.1.0! Em vez disso, use Elementor\Controls_Stack::register_controls(). in C:\xampp8\htdocs\santiago\wp-includes\functions.php on line 5379
[22-Jun-2022 06:39:11 UTC] PHP Deprecated:  A função _register_controls está <strong>obsoleta</strong> desde a versão 3.1.0! Em vez disso, use Elementor\Controls_Stack::register_controls(). in C:\xampp8\htdocs\santiago\wp-includes\functions.php on line 5379
[22-Jun-2022 06:40:07 UTC] PHP Deprecated:  A função _register_controls está <strong>obsoleta</strong> desde a versão 3.1.0! Em vez disso, use Elementor\Controls_Stack::register_controls(). in C:\xampp8\htdocs\santiago\wp-includes\functions.php on line 5379
[22-Jun-2022 06:41:10 UTC] PHP Deprecated:  A função _register_controls está <strong>obsoleta</strong> desde a versão 3.1.0! Em vez disso, use Elementor\Controls_Stack::register_controls(). in C:\xampp8\htdocs\santiago\wp-includes\functions.php on line 5379
[22-Jun-2022 06:41:49 UTC] PHP Deprecated:  A função _register_controls está <strong>obsoleta</strong> desde a versão 3.1.0! Em vez disso, use Elementor\Controls_Stack::register_controls(). in C:\xampp8\htdocs\santiago\wp-includes\functions.php on line 5379
[22-Jun-2022 06:46:41 UTC] PHP Deprecated:  A função _register_controls está <strong>obsoleta</strong> desde a versão 3.1.0! Em vez disso, use Elementor\Controls_Stack::register_controls(). in C:\xampp8\htdocs\santiago\wp-includes\functions.php on line 5379
[22-Jun-2022 06:46:43 UTC] PHP Warning:  unlink(C:\xampp8\htdocs\santiago/wp-content/uploads/wpo/images/wpo_logo_small.png.webp): No such file or directory in C:\xampp8\htdocs\santiago\wp-content\plugins\wp-optimize\vendor\rosell-dk\webp-convert\src\Convert\Converters\BaseTraits\DestinationPreparationTrait.php on line 94
[22-Jun-2022 06:46:44 UTC] PHP Warning:  Attempt to read property "post_type" on null in C:\xampp8\htdocs\santiago\wp-content\plugins\wordpress-seo\src\integrations\third-party\elementor.php on line 154
[22-Jun-2022 06:46:45 UTC] PHP Deprecated:  A função _register_controls está <strong>obsoleta</strong> desde a versão 3.1.0! Em vez disso, use Elementor\Controls_Stack::register_controls(). in C:\xampp8\htdocs\santiago\wp-includes\functions.php on line 5379
[22-Jun-2022 06:53:34 UTC] PHP Deprecated:  A função _register_controls está <strong>obsoleta</strong> desde a versão 3.1.0! Em vez disso, use Elementor\Controls_Stack::register_controls(). in C:\xampp8\htdocs\santiago\wp-includes\functions.php on line 5379
[22-Jun-2022 06:53:37 UTC] PHP Deprecated:  A função _register_controls está <strong>obsoleta</strong> desde a versão 3.1.0! Em vez disso, use Elementor\Controls_Stack::register_controls(). in C:\xampp8\htdocs\santiago\wp-includes\functions.php on line 5379
[22-Jun-2022 06:55:17 UTC] PHP Deprecated:  A função _register_controls está <strong>obsoleta</strong> desde a versão 3.1.0! Em vez disso, use Elementor\Controls_Stack::register_controls(). in C:\xampp8\htdocs\santiago\wp-includes\functions.php on line 5379
[22-Jun-2022 06:55:20 UTC] PHP Deprecated:  A função _register_controls está <strong>obsoleta</strong> desde a versão 3.1.0! Em vez disso, use Elementor\Controls_Stack::register_controls(). in C:\xampp8\htdocs\santiago\wp-includes\functions.php on line 5379
[22-Jun-2022 06:58:27 UTC] PHP Deprecated:  A função _register_controls está <strong>obsoleta</strong> desde a versão 3.1.0! Em vez disso, use Elementor\Controls_Stack::register_controls(). in C:\xampp8\htdocs\santiago\wp-includes\functions.php on line 5379
[22-Jun-2022 06:58:30 UTC] PHP Warning:  Attempt to read property "post_type" on null in C:\xampp8\htdocs\santiago\wp-content\plugins\wordpress-seo\src\integrations\third-party\elementor.php on line 154
[22-Jun-2022 06:58:30 UTC] PHP Deprecated:  A função _register_controls está <strong>obsoleta</strong> desde a versão 3.1.0! Em vez disso, use Elementor\Controls_Stack::register_controls(). in C:\xampp8\htdocs\santiago\wp-includes\functions.php on line 5379
[22-Jun-2022 06:58:41 UTC] PHP Deprecated:  A função _register_controls está <strong>obsoleta</strong> desde a versão 3.1.0! Em vez disso, use Elementor\Controls_Stack::register_controls(). in C:\xampp8\htdocs\santiago\wp-includes\functions.php on line 5379
[22-Jun-2022 07:00:56 UTC] PHP Deprecated:  A função _register_controls está <strong>obsoleta</strong> desde a versão 3.1.0! Em vez disso, use Elementor\Controls_Stack::register_controls(). in C:\xampp8\htdocs\santiago\wp-includes\functions.php on line 5379
[22-Jun-2022 07:01:00 UTC] PHP Warning:  Attempt to read property "post_type" on null in C:\xampp8\htdocs\santiago\wp-content\plugins\wordpress-seo\src\integrations\third-party\elementor.php on line 154
[22-Jun-2022 07:01:00 UTC] PHP Deprecated:  A função _register_controls está <strong>obsoleta</strong> desde a versão 3.1.0! Em vez disso, use Elementor\Controls_Stack::register_controls(). in C:\xampp8\htdocs\santiago\wp-includes\functions.php on line 5379
[22-Jun-2022 07:01:16 UTC] PHP Deprecated:  A função _register_controls está <strong>obsoleta</strong> desde a versão 3.1.0! Em vez disso, use Elementor\Controls_Stack::register_controls(). in C:\xampp8\htdocs\santiago\wp-includes\functions.php on line 5379
